<?xml version="1.0" encoding="utf-8"?>
<shfbBuild product="Sandcastle Help File Builder" version="1.9.8.0" projectFile="E:\Users\Adam\Projects\CSharp\Sharparam.SharpBlade\Sharparam.SharpBlade.shfbproj" started="2014-04-12 00:44:45">
<buildStep step="Initializing">
Finding tools...
Found Sandcastle tools in &#39;E:\Program Files (x86)\Sandcastle\&#39;
</buildStep>
<buildStep step="ValidatingDocumentationSources">
Validating and copying documentation source information
Source: E:\Users\Adam\Projects\CSharp\Sharparam.SharpBlade\Sharparam.SharpBlade.sln
    Found project &#39;E:\Users\Adam\Projects\CSharp\Sharparam.SharpBlade\Sharparam.SharpBlade\Sharparam.SharpBlade.csproj&#39;

Parsing project files
    Found assembly &#39;E:\Users\Adam\Projects\CSharp\Sharparam.SharpBlade\Sharparam.SharpBlade\bin\Debug\Sharparam.SharpBlade.dll&#39;

References to include (excluding framework assemblies):
    log4net
    log4net, Version=1.2.13.0, Culture=neutral, PublicKeyToken=669e0ddf0bb1aa2a, processorArchitecture=MSIL

Copying XML comments files
    E:\Users\Adam\Projects\CSharp\Sharparam.SharpBlade\Sharparam.SharpBlade\bin\Debug\Sharparam.SharpBlade.xml -&gt; E:\Users\Adam\Projects\CSharp\Sharparam.SharpBlade\docs\Working\Sharparam.SharpBlade.xml
</buildStep>
<buildStep step="GenerateSharedContent">
Generating shared content files (en-US, English (United States))...
    Last step completed in 00:00:00.0050
</buildStep>
<buildStep step="GenerateApiFilter">
Generating API filter for MRefBuilder...
    Last step completed in 00:00:00.0060
</buildStep>
<buildStep step="GenerateReflectionInfo">
Generating reflection information...
[C:\Windows\Microsoft.NET\Framework64\v4.0.30319\MSBuild.exe]
  MRefBuilder (v2.7.4.0)
  Copyright &#184; 2006-2013, Microsoft Corporation, All Rights Reserved.
  Portions Copyright &#184; 2006-2013, Eric Woodruff, All Rights Reserved.
  Info: Loaded 1 assemblies for reflection and 2 dependency assemblies.
  Info: Wrote information on 10 namespaces, 63 types, and 1918 members
  XslTransform (v2.7.4.0)
  Copyright &#184; 2006-2013, Microsoft Corporation, All Rights Reserved.
  Portions Copyright &#184; 2006-2013, Eric Woodruff, All Rights Reserved.
  Info: Applying XSL transformation &#39;E:\Program Files (x86)\Sandcastle\ProductionTransforms\MergeDuplicates.xsl&#39;.
    Last step completed in 00:00:04.1632
</buildStep>
<buildStep step="GenerateNamespaceSummaries">
Generating namespace summary information...
    Last step completed in 00:00:00.0200
</buildStep>
<buildStep step="ApplyVisibilityProperties">
Applying visibility properties to reflection information file
    0 explicit interface implementations removed
    15 local and base class EII elements removed
    35 inherited member elements removed
    18 event backer fields noted for removal
    Removing previously noted unwanted APIs and elements
    Last step completed in 00:00:00.1550
</buildStep>
<buildStep step="TransformReflectionInfo">
Transforming reflection output...
[C:\Windows\Microsoft.NET\Framework64\v4.0.30319\MSBuild.exe]
  XslTransform (v2.7.4.0)
  Copyright &#184; 2006-2013, Microsoft Corporation, All Rights Reserved.
  Portions Copyright &#184; 2006-2013, Eric Woodruff, All Rights Reserved.
  Info: Applying XSL transformation &#39;E:\Program Files (x86)\Sandcastle\\ProductionTransforms\ApplyVSDocModel.xsl&#39;.
  Info: Applying XSL transformation &#39;E:\Program Files (x86)\Sandcastle\ProductionTransforms\AddFilenames.xsl&#39;.
  XslTransform (v2.7.4.0)
  Copyright &#184; 2006-2013, Microsoft Corporation, All Rights Reserved.
  Portions Copyright &#184; 2006-2013, Eric Woodruff, All Rights Reserved.
  Info: Applying XSL transformation &#39;E:\Program Files (x86)\Sandcastle\ProductionTransforms\ReflectionToManifest.xsl&#39;.
Copying help branding files...
E:\Program Files (x86)\Sandcastle\\Presentation\VS2010\branding\dev10.mshc -&gt; E:\Users\Adam\Projects\CSharp\Sharparam.SharpBlade\docs\Working\Output\Website\branding\
E:\Program Files (x86)\Sandcastle\\Presentation\VS2010\branding\dev10.mshc -&gt; E:\Users\Adam\Projects\CSharp\Sharparam.SharpBlade\docs\Working\branding
    E:\Program Files (x86)\Sandcastle\\Presentation\VS2010\branding\dev10.mshc/body.xslt -> E:\Users\Adam\Projects\CSharp\Sharparam.SharpBlade\docs\Working\branding\body.xslt
    E:\Program Files (x86)\Sandcastle\\Presentation\VS2010\branding\dev10.mshc/head.xslt -> E:\Users\Adam\Projects\CSharp\Sharparam.SharpBlade\docs\Working\branding\head.xslt
    E:\Program Files (x86)\Sandcastle\\Presentation\VS2010\branding\dev10.mshc/CodeSnippet.xslt -> E:\Users\Adam\Projects\CSharp\Sharparam.SharpBlade\docs\Working\branding\CodeSnippet.xslt
    E:\Program Files (x86)\Sandcastle\\Presentation\VS2010\branding\dev10.mshc/codesnippet-cs-CZ.xslt -> E:\Users\Adam\Projects\CSharp\Sharparam.SharpBlade\docs\Working\branding\codesnippet-cs-CZ.xslt
    E:\Program Files (x86)\Sandcastle\\Presentation\VS2010\branding\dev10.mshc/codesnippet-de-DE.xslt -> E:\Users\Adam\Projects\CSharp\Sharparam.SharpBlade\docs\Working\branding\codesnippet-de-DE.xslt
    E:\Program Files (x86)\Sandcastle\\Presentation\VS2010\branding\dev10.mshc/codesnippet-en-US.xslt -> E:\Users\Adam\Projects\CSharp\Sharparam.SharpBlade\docs\Working\branding\codesnippet-en-US.xslt
    E:\Program Files (x86)\Sandcastle\\Presentation\VS2010\branding\dev10.mshc/codesnippet-es-ES.xslt -> E:\Users\Adam\Projects\CSharp\Sharparam.SharpBlade\docs\Working\branding\codesnippet-es-ES.xslt
    E:\Program Files (x86)\Sandcastle\\Presentation\VS2010\branding\dev10.mshc/codesnippet-fr-FR.xslt -> E:\Users\Adam\Projects\CSharp\Sharparam.SharpBlade\docs\Working\branding\codesnippet-fr-FR.xslt
    E:\Program Files (x86)\Sandcastle\\Presentation\VS2010\branding\dev10.mshc/codesnippet-it-IT.xslt -> E:\Users\Adam\Projects\CSharp\Sharparam.SharpBlade\docs\Working\branding\codesnippet-it-IT.xslt
    E:\Program Files (x86)\Sandcastle\\Presentation\VS2010\branding\dev10.mshc/codesnippet-ja-JP.xslt -> E:\Users\Adam\Projects\CSharp\Sharparam.SharpBlade\docs\Working\branding\codesnippet-ja-JP.xslt
    E:\Program Files (x86)\Sandcastle\\Presentation\VS2010\branding\dev10.mshc/codesnippet-ko-KR.xslt -> E:\Users\Adam\Projects\CSharp\Sharparam.SharpBlade\docs\Working\branding\codesnippet-ko-KR.xslt
    E:\Program Files (x86)\Sandcastle\\Presentation\VS2010\branding\dev10.mshc/codesnippet-pl-PL.xslt -> E:\Users\Adam\Projects\CSharp\Sharparam.SharpBlade\docs\Working\branding\codesnippet-pl-PL.xslt
    E:\Program Files (x86)\Sandcastle\\Presentation\VS2010\branding\dev10.mshc/codesnippet-pt-BR.xslt -> E:\Users\Adam\Projects\CSharp\Sharparam.SharpBlade\docs\Working\branding\codesnippet-pt-BR.xslt
    E:\Program Files (x86)\Sandcastle\\Presentation\VS2010\branding\dev10.mshc/codesnippet-ru-RU.xslt -> E:\Users\Adam\Projects\CSharp\Sharparam.SharpBlade\docs\Working\branding\codesnippet-ru-RU.xslt
    E:\Program Files (x86)\Sandcastle\\Presentation\VS2010\branding\dev10.mshc/codesnippet-tr-TR.xslt -> E:\Users\Adam\Projects\CSharp\Sharparam.SharpBlade\docs\Working\branding\codesnippet-tr-TR.xslt
    E:\Program Files (x86)\Sandcastle\\Presentation\VS2010\branding\dev10.mshc/codesnippet-zh-CN.xslt -> E:\Users\Adam\Projects\CSharp\Sharparam.SharpBlade\docs\Working\branding\codesnippet-zh-CN.xslt
    E:\Program Files (x86)\Sandcastle\\Presentation\VS2010\branding\dev10.mshc/codesnippet-zh-TW.xslt -> E:\Users\Adam\Projects\CSharp\Sharparam.SharpBlade\docs\Working\branding\codesnippet-zh-TW.xslt
    E:\Program Files (x86)\Sandcastle\\Presentation\VS2010\branding\dev10.mshc/Identity.xslt -> E:\Users\Adam\Projects\CSharp\Sharparam.SharpBlade\docs\Working\branding\Identity.xslt
    E:\Program Files (x86)\Sandcastle\\Presentation\VS2010\branding\dev10.mshc/InstrumentedLink.xslt -> E:\Users\Adam\Projects\CSharp\Sharparam.SharpBlade\docs\Working\branding\InstrumentedLink.xslt
    E:\Program Files (x86)\Sandcastle\\Presentation\VS2010\branding\dev10.mshc/instrumentedlink-cs-CZ.xslt -> E:\Users\Adam\Projects\CSharp\Sharparam.SharpBlade\docs\Working\branding\instrumentedlink-cs-CZ.xslt
    E:\Program Files (x86)\Sandcastle\\Presentation\VS2010\branding\dev10.mshc/instrumentedlink-de-DE.xslt -> E:\Users\Adam\Projects\CSharp\Sharparam.SharpBlade\docs\Working\branding\instrumentedlink-de-DE.xslt
    E:\Program Files (x86)\Sandcastle\\Presentation\VS2010\branding\dev10.mshc/instrumentedlink-en-US.xslt -> E:\Users\Adam\Projects\CSharp\Sharparam.SharpBlade\docs\Working\branding\instrumentedlink-en-US.xslt
    E:\Program Files (x86)\Sandcastle\\Presentation\VS2010\branding\dev10.mshc/instrumentedlink-es-ES.xslt -> E:\Users\Adam\Projects\CSharp\Sharparam.SharpBlade\docs\Working\branding\instrumentedlink-es-ES.xslt
    E:\Program Files (x86)\Sandcastle\\Presentation\VS2010\branding\dev10.mshc/instrumentedlink-fr-FR.xslt -> E:\Users\Adam\Projects\CSharp\Sharparam.SharpBlade\docs\Working\branding\instrumentedlink-fr-FR.xslt
    E:\Program Files (x86)\Sandcastle\\Presentation\VS2010\branding\dev10.mshc/instrumentedlink-it-IT.xslt -> E:\Users\Adam\Projects\CSharp\Sharparam.SharpBlade\docs\Working\branding\instrumentedlink-it-IT.xslt
    E:\Program Files (x86)\Sandcastle\\Presentation\VS2010\branding\dev10.mshc/instrumentedlink-ja-JP.xslt -> E:\Users\Adam\Projects\CSharp\Sharparam.SharpBlade\docs\Working\branding\instrumentedlink-ja-JP.xslt
    E:\Program Files (x86)\Sandcastle\\Presentation\VS2010\branding\dev10.mshc/instrumentedlink-ko-KR.xslt -> E:\Users\Adam\Projects\CSharp\Sharparam.SharpBlade\docs\Working\branding\instrumentedlink-ko-KR.xslt
    E:\Program Files (x86)\Sandcastle\\Presentation\VS2010\branding\dev10.mshc/instrumentedlink-pl-PL.xslt -> E:\Users\Adam\Projects\CSharp\Sharparam.SharpBlade\docs\Working\branding\instrumentedlink-pl-PL.xslt
    E:\Program Files (x86)\Sandcastle\\Presentation\VS2010\branding\dev10.mshc/instrumentedlink-pt-BR.xslt -> E:\Users\Adam\Projects\CSharp\Sharparam.SharpBlade\docs\Working\branding\instrumentedlink-pt-BR.xslt
    E:\Program Files (x86)\Sandcastle\\Presentation\VS2010\branding\dev10.mshc/instrumentedlink-ru-RU.xslt -> E:\Users\Adam\Projects\CSharp\Sharparam.SharpBlade\docs\Working\branding\instrumentedlink-ru-RU.xslt
    E:\Program Files (x86)\Sandcastle\\Presentation\VS2010\branding\dev10.mshc/instrumentedlink-tr-TR.xslt -> E:\Users\Adam\Projects\CSharp\Sharparam.SharpBlade\docs\Working\branding\instrumentedlink-tr-TR.xslt
    E:\Program Files (x86)\Sandcastle\\Presentation\VS2010\branding\dev10.mshc/instrumentedlink-zh-CN.xslt -> E:\Users\Adam\Projects\CSharp\Sharparam.SharpBlade\docs\Working\branding\instrumentedlink-zh-CN.xslt
    E:\Program Files (x86)\Sandcastle\\Presentation\VS2010\branding\dev10.mshc/instrumentedlink-zh-TW.xslt -> E:\Users\Adam\Projects\CSharp\Sharparam.SharpBlade\docs\Working\branding\instrumentedlink-zh-TW.xslt
    E:\Program Files (x86)\Sandcastle\\Presentation\VS2010\branding\dev10.mshc/LanguageSpecificText.xslt -> E:\Users\Adam\Projects\CSharp\Sharparam.SharpBlade\docs\Working\branding\LanguageSpecificText.xslt
    E:\Program Files (x86)\Sandcastle\\Presentation\VS2010\branding\dev10.mshc/MultiViewTable.xslt -> E:\Users\Adam\Projects\CSharp\Sharparam.SharpBlade\docs\Working\branding\MultiViewTable.xslt
    E:\Program Files (x86)\Sandcastle\\Presentation\VS2010\branding\dev10.mshc/MultiViewTable-cs-CZ.xslt -> E:\Users\Adam\Projects\CSharp\Sharparam.SharpBlade\docs\Working\branding\MultiViewTable-cs-CZ.xslt
    E:\Program Files (x86)\Sandcastle\\Presentation\VS2010\branding\dev10.mshc/MultiViewTable-de-DE.xslt -> E:\Users\Adam\Projects\CSharp\Sharparam.SharpBlade\docs\Working\branding\MultiViewTable-de-DE.xslt
    E:\Program Files (x86)\Sandcastle\\Presentation\VS2010\branding\dev10.mshc/MultiViewTable-en-US.xslt -> E:\Users\Adam\Projects\CSharp\Sharparam.SharpBlade\docs\Working\branding\MultiViewTable-en-US.xslt
    E:\Program Files (x86)\Sandcastle\\Presentation\VS2010\branding\dev10.mshc/MultiViewTable-es-ES.xslt -> E:\Users\Adam\Projects\CSharp\Sharparam.SharpBlade\docs\Working\branding\MultiViewTable-es-ES.xslt
    E:\Program Files (x86)\Sandcastle\\Presentation\VS2010\branding\dev10.mshc/MultiViewTable-fr-FR.xslt -> E:\Users\Adam\Projects\CSharp\Sharparam.SharpBlade\docs\Working\branding\MultiViewTable-fr-FR.xslt
    E:\Program Files (x86)\Sandcastle\\Presentation\VS2010\branding\dev10.mshc/MultiViewTable-it-IT.xslt -> E:\Users\Adam\Projects\CSharp\Sharparam.SharpBlade\docs\Working\branding\MultiViewTable-it-IT.xslt
    E:\Program Files (x86)\Sandcastle\\Presentation\VS2010\branding\dev10.mshc/MultiViewTable-ja-JP.xslt -> E:\Users\Adam\Projects\CSharp\Sharparam.SharpBlade\docs\Working\branding\MultiViewTable-ja-JP.xslt
    E:\Program Files (x86)\Sandcastle\\Presentation\VS2010\branding\dev10.mshc/MultiViewTable-ko-KR.xslt -> E:\Users\Adam\Projects\CSharp\Sharparam.SharpBlade\docs\Working\branding\MultiViewTable-ko-KR.xslt
    E:\Program Files (x86)\Sandcastle\\Presentation\VS2010\branding\dev10.mshc/MultiViewTable-pl-PL.xslt -> E:\Users\Adam\Projects\CSharp\Sharparam.SharpBlade\docs\Working\branding\MultiViewTable-pl-PL.xslt
    E:\Program Files (x86)\Sandcastle\\Presentation\VS2010\branding\dev10.mshc/MultiViewTable-pt-BR.xslt -> E:\Users\Adam\Projects\CSharp\Sharparam.SharpBlade\docs\Working\branding\MultiViewTable-pt-BR.xslt
    E:\Program Files (x86)\Sandcastle\\Presentation\VS2010\branding\dev10.mshc/MultiViewTable-ru-RU.xslt -> E:\Users\Adam\Projects\CSharp\Sharparam.SharpBlade\docs\Working\branding\MultiViewTable-ru-RU.xslt
    E:\Program Files (x86)\Sandcastle\\Presentation\VS2010\branding\dev10.mshc/MultiViewTable-tr-TR.xslt -> E:\Users\Adam\Projects\CSharp\Sharparam.SharpBlade\docs\Working\branding\MultiViewTable-tr-TR.xslt
    E:\Program Files (x86)\Sandcastle\\Presentation\VS2010\branding\dev10.mshc/MultiViewTable-zh-CN.xslt -> E:\Users\Adam\Projects\CSharp\Sharparam.SharpBlade\docs\Working\branding\MultiViewTable-zh-CN.xslt
    E:\Program Files (x86)\Sandcastle\\Presentation\VS2010\branding\dev10.mshc/MultiViewTable-zh-TW.xslt -> E:\Users\Adam\Projects\CSharp\Sharparam.SharpBlade\docs\Working\branding\MultiViewTable-zh-TW.xslt
    E:\Program Files (x86)\Sandcastle\\Presentation\VS2010\branding\dev10.mshc/index.xslt -> E:\Users\Adam\Projects\CSharp\Sharparam.SharpBlade\docs\Working\branding\index.xslt
    E:\Program Files (x86)\Sandcastle\\Presentation\VS2010\branding\dev10.mshc/index-cs-CZ.xslt -> E:\Users\Adam\Projects\CSharp\Sharparam.SharpBlade\docs\Working\branding\index-cs-CZ.xslt
    E:\Program Files (x86)\Sandcastle\\Presentation\VS2010\branding\dev10.mshc/index-de-DE.xslt -> E:\Users\Adam\Projects\CSharp\Sharparam.SharpBlade\docs\Working\branding\index-de-DE.xslt
    E:\Program Files (x86)\Sandcastle\\Presentation\VS2010\branding\dev10.mshc/index-en-US.xslt -> E:\Users\Adam\Projects\CSharp\Sharparam.SharpBlade\docs\Working\branding\index-en-US.xslt
    E:\Program Files (x86)\Sandcastle\\Presentation\VS2010\branding\dev10.mshc/index-es-ES.xslt -> E:\Users\Adam\Projects\CSharp\Sharparam.SharpBlade\docs\Working\branding\index-es-ES.xslt
    E:\Program Files (x86)\Sandcastle\\Presentation\VS2010\branding\dev10.mshc/index-fr-FR.xslt -> E:\Users\Adam\Projects\CSharp\Sharparam.SharpBlade\docs\Working\branding\index-fr-FR.xslt
    E:\Program Files (x86)\Sandcastle\\Presentation\VS2010\branding\dev10.mshc/index-it-IT.xslt -> E:\Users\Adam\Projects\CSharp\Sharparam.SharpBlade\docs\Working\branding\index-it-IT.xslt
    E:\Program Files (x86)\Sandcastle\\Presentation\VS2010\branding\dev10.mshc/index-ja-JP.xslt -> E:\Users\Adam\Projects\CSharp\Sharparam.SharpBlade\docs\Working\branding\index-ja-JP.xslt
    E:\Program Files (x86)\Sandcastle\\Presentation\VS2010\branding\dev10.mshc/index-ko-KR.xslt -> E:\Users\Adam\Projects\CSharp\Sharparam.SharpBlade\docs\Working\branding\index-ko-KR.xslt
    E:\Program Files (x86)\Sandcastle\\Presentation\VS2010\branding\dev10.mshc/index-pl-PL.xslt -> E:\Users\Adam\Projects\CSharp\Sharparam.SharpBlade\docs\Working\branding\index-pl-PL.xslt
    E:\Program Files (x86)\Sandcastle\\Presentation\VS2010\branding\dev10.mshc/index-pt-BR.xslt -> E:\Users\Adam\Projects\CSharp\Sharparam.SharpBlade\docs\Working\branding\index-pt-BR.xslt
    E:\Program Files (x86)\Sandcastle\\Presentation\VS2010\branding\dev10.mshc/index-ru-RU.xslt -> E:\Users\Adam\Projects\CSharp\Sharparam.SharpBlade\docs\Working\branding\index-ru-RU.xslt
    E:\Program Files (x86)\Sandcastle\\Presentation\VS2010\branding\dev10.mshc/index-tr-TR.xslt -> E:\Users\Adam\Projects\CSharp\Sharparam.SharpBlade\docs\Working\branding\index-tr-TR.xslt
    E:\Program Files (x86)\Sandcastle\\Presentation\VS2010\branding\dev10.mshc/index-zh-CN.xslt -> E:\Users\Adam\Projects\CSharp\Sharparam.SharpBlade\docs\Working\branding\index-zh-CN.xslt
    E:\Program Files (x86)\Sandcastle\\Presentation\VS2010\branding\dev10.mshc/index-zh-TW.xslt -> E:\Users\Adam\Projects\CSharp\Sharparam.SharpBlade\docs\Working\branding\index-zh-TW.xslt
    E:\Program Files (x86)\Sandcastle\\Presentation\VS2010\branding\dev10.mshc/search.xslt -> E:\Users\Adam\Projects\CSharp\Sharparam.SharpBlade\docs\Working\branding\search.xslt
    E:\Program Files (x86)\Sandcastle\\Presentation\VS2010\branding\dev10.mshc/search-cs-CZ.xslt -> E:\Users\Adam\Projects\CSharp\Sharparam.SharpBlade\docs\Working\branding\search-cs-CZ.xslt
    E:\Program Files (x86)\Sandcastle\\Presentation\VS2010\branding\dev10.mshc/search-de-DE.xslt -> E:\Users\Adam\Projects\CSharp\Sharparam.SharpBlade\docs\Working\branding\search-de-DE.xslt
    E:\Program Files (x86)\Sandcastle\\Presentation\VS2010\branding\dev10.mshc/search-en-US.xslt -> E:\Users\Adam\Projects\CSharp\Sharparam.SharpBlade\docs\Working\branding\search-en-US.xslt
    E:\Program Files (x86)\Sandcastle\\Presentation\VS2010\branding\dev10.mshc/search-es-ES.xslt -> E:\Users\Adam\Projects\CSharp\Sharparam.SharpBlade\docs\Working\branding\search-es-ES.xslt
    E:\Program Files (x86)\Sandcastle\\Presentation\VS2010\branding\dev10.mshc/search-fr-FR.xslt -> E:\Users\Adam\Projects\CSharp\Sharparam.SharpBlade\docs\Working\branding\search-fr-FR.xslt
    E:\Program Files (x86)\Sandcastle\\Presentation\VS2010\branding\dev10.mshc/search-it-IT.xslt -> E:\Users\Adam\Projects\CSharp\Sharparam.SharpBlade\docs\Working\branding\search-it-IT.xslt
    E:\Program Files (x86)\Sandcastle\\Presentation\VS2010\branding\dev10.mshc/search-ja-JP.xslt -> E:\Users\Adam\Projects\CSharp\Sharparam.SharpBlade\docs\Working\branding\search-ja-JP.xslt
    E:\Program Files (x86)\Sandcastle\\Presentation\VS2010\branding\dev10.mshc/search-ko-KR.xslt -> E:\Users\Adam\Projects\CSharp\Sharparam.SharpBlade\docs\Working\branding\search-ko-KR.xslt
    E:\Program Files (x86)\Sandcastle\\Presentation\VS2010\branding\dev10.mshc/search-pl-PL.xslt -> E:\Users\Adam\Projects\CSharp\Sharparam.SharpBlade\docs\Working\branding\search-pl-PL.xslt
    E:\Program Files (x86)\Sandcastle\\Presentation\VS2010\branding\dev10.mshc/search-pt-BR.xslt -> E:\Users\Adam\Projects\CSharp\Sharparam.SharpBlade\docs\Working\branding\search-pt-BR.xslt
    E:\Program Files (x86)\Sandcastle\\Presentation\VS2010\branding\dev10.mshc/search-ru-RU.xslt -> E:\Users\Adam\Projects\CSharp\Sharparam.SharpBlade\docs\Working\branding\search-ru-RU.xslt
    E:\Program Files (x86)\Sandcastle\\Presentation\VS2010\branding\dev10.mshc/search-tr-TR.xslt -> E:\Users\Adam\Projects\CSharp\Sharparam.SharpBlade\docs\Working\branding\search-tr-TR.xslt
    E:\Program Files (x86)\Sandcastle\\Presentation\VS2010\branding\dev10.mshc/search-zh-CN.xslt -> E:\Users\Adam\Projects\CSharp\Sharparam.SharpBlade\docs\Working\branding\search-zh-CN.xslt
    E:\Program Files (x86)\Sandcastle\\Presentation\VS2010\branding\dev10.mshc/search-zh-TW.xslt -> E:\Users\Adam\Projects\CSharp\Sharparam.SharpBlade\docs\Working\branding\search-zh-TW.xslt
    E:\Program Files (x86)\Sandcastle\\Presentation\VS2010\branding\dev10.mshc/toc.xslt -> E:\Users\Adam\Projects\CSharp\Sharparam.SharpBlade\docs\Working\branding\toc.xslt
    E:\Program Files (x86)\Sandcastle\\Presentation\VS2010\branding\dev10.mshc/toc-cs-CZ.xslt -> E:\Users\Adam\Projects\CSharp\Sharparam.SharpBlade\docs\Working\branding\toc-cs-CZ.xslt
    E:\Program Files (x86)\Sandcastle\\Presentation\VS2010\branding\dev10.mshc/toc-de-DE.xslt -> E:\Users\Adam\Projects\CSharp\Sharparam.SharpBlade\docs\Working\branding\toc-de-DE.xslt
    E:\Program Files (x86)\Sandcastle\\Presentation\VS2010\branding\dev10.mshc/toc-en-US.xslt -> E:\Users\Adam\Projects\CSharp\Sharparam.SharpBlade\docs\Working\branding\toc-en-US.xslt
    E:\Program Files (x86)\Sandcastle\\Presentation\VS2010\branding\dev10.mshc/toc-es-ES.xslt -> E:\Users\Adam\Projects\CSharp\Sharparam.SharpBlade\docs\Working\branding\toc-es-ES.xslt
    E:\Program Files (x86)\Sandcastle\\Presentation\VS2010\branding\dev10.mshc/toc-fr-FR.xslt -> E:\Users\Adam\Projects\CSharp\Sharparam.SharpBlade\docs\Working\branding\toc-fr-FR.xslt
    E:\Program Files (x86)\Sandcastle\\Presentation\VS2010\branding\dev10.mshc/toc-it-IT.xslt -> E:\Users\Adam\Projects\CSharp\Sharparam.SharpBlade\docs\Working\branding\toc-it-IT.xslt
    E:\Program Files (x86)\Sandcastle\\Presentation\VS2010\branding\dev10.mshc/toc-ja-JP.xslt -> E:\Users\Adam\Projects\CSharp\Sharparam.SharpBlade\docs\Working\branding\toc-ja-JP.xslt
    E:\Program Files (x86)\Sandcastle\\Presentation\VS2010\branding\dev10.mshc/toc-ko-KR.xslt -> E:\Users\Adam\Projects\CSharp\Sharparam.SharpBlade\docs\Working\branding\toc-ko-KR.xslt
    E:\Program Files (x86)\Sandcastle\\Presentation\VS2010\branding\dev10.mshc/toc-pl-PL.xslt -> E:\Users\Adam\Projects\CSharp\Sharparam.SharpBlade\docs\Working\branding\toc-pl-PL.xslt
    E:\Program Files (x86)\Sandcastle\\Presentation\VS2010\branding\dev10.mshc/toc-pt-BR.xslt -> E:\Users\Adam\Projects\CSharp\Sharparam.SharpBlade\docs\Working\branding\toc-pt-BR.xslt
    E:\Program Files (x86)\Sandcastle\\Presentation\VS2010\branding\dev10.mshc/toc-ru-RU.xslt -> E:\Users\Adam\Projects\CSharp\Sharparam.SharpBlade\docs\Working\branding\toc-ru-RU.xslt
    E:\Program Files (x86)\Sandcastle\\Presentation\VS2010\branding\dev10.mshc/toc-tr-TR.xslt -> E:\Users\Adam\Projects\CSharp\Sharparam.SharpBlade\docs\Working\branding\toc-tr-TR.xslt
    E:\Program Files (x86)\Sandcastle\\Presentation\VS2010\branding\dev10.mshc/toc-zh-CN.xslt -> E:\Users\Adam\Projects\CSharp\Sharparam.SharpBlade\docs\Working\branding\toc-zh-CN.xslt
    E:\Program Files (x86)\Sandcastle\\Presentation\VS2010\branding\dev10.mshc/toc-zh-TW.xslt -> E:\Users\Adam\Projects\CSharp\Sharparam.SharpBlade\docs\Working\branding\toc-zh-TW.xslt
E:\Program Files (x86)\Sandcastle\\Presentation\VS2010\branding -&gt; E:\Users\Adam\Projects\CSharp\Sharparam.SharpBlade\docs\Working\Output\Website\branding\
E:\Program Files (x86)\Sandcastle\\Presentation\VS2010\branding -&gt; E:\Users\Adam\Projects\CSharp\Sharparam.SharpBlade\docs\Working\branding
    E:\Program Files (x86)\Sandcastle\Presentation\VS2010\branding\branding.xml -> E:\Users\Adam\Projects\CSharp\Sharparam.SharpBlade\docs\Working\branding\branding.xml
    E:\Program Files (x86)\Sandcastle\Presentation\VS2010\branding\branding.xslt -> E:\Users\Adam\Projects\CSharp\Sharparam.SharpBlade\docs\Working\branding\branding.xslt
    E:\Program Files (x86)\Sandcastle\Presentation\VS2010\branding\branding-cs-CZ.xslt -> E:\Users\Adam\Projects\CSharp\Sharparam.SharpBlade\docs\Working\branding\branding-cs-CZ.xslt
    E:\Program Files (x86)\Sandcastle\Presentation\VS2010\branding\branding-de-DE.xslt -> E:\Users\Adam\Projects\CSharp\Sharparam.SharpBlade\docs\Working\branding\branding-de-DE.xslt
    E:\Program Files (x86)\Sandcastle\Presentation\VS2010\branding\branding-en-US.xslt -> E:\Users\Adam\Projects\CSharp\Sharparam.SharpBlade\docs\Working\branding\branding-en-US.xslt
    E:\Program Files (x86)\Sandcastle\Presentation\VS2010\branding\branding-es-ES.xslt -> E:\Users\Adam\Projects\CSharp\Sharparam.SharpBlade\docs\Working\branding\branding-es-ES.xslt
    E:\Program Files (x86)\Sandcastle\Presentation\VS2010\branding\branding-fr-FR.xslt -> E:\Users\Adam\Projects\CSharp\Sharparam.SharpBlade\docs\Working\branding\branding-fr-FR.xslt
    E:\Program Files (x86)\Sandcastle\Presentation\VS2010\branding\branding-it-IT.xslt -> E:\Users\Adam\Projects\CSharp\Sharparam.SharpBlade\docs\Working\branding\branding-it-IT.xslt
    E:\Program Files (x86)\Sandcastle\Presentation\VS2010\branding\branding-ja-JP.xslt -> E:\Users\Adam\Projects\CSharp\Sharparam.SharpBlade\docs\Working\branding\branding-ja-JP.xslt
    E:\Program Files (x86)\Sandcastle\Presentation\VS2010\branding\branding-ko-KR.xslt -> E:\Users\Adam\Projects\CSharp\Sharparam.SharpBlade\docs\Working\branding\branding-ko-KR.xslt
    E:\Program Files (x86)\Sandcastle\Presentation\VS2010\branding\branding-pl-PL.xslt -> E:\Users\Adam\Projects\CSharp\Sharparam.SharpBlade\docs\Working\branding\branding-pl-PL.xslt
    E:\Program Files (x86)\Sandcastle\Presentation\VS2010\branding\branding-pt-BR.xslt -> E:\Users\Adam\Projects\CSharp\Sharparam.SharpBlade\docs\Working\branding\branding-pt-BR.xslt
    E:\Program Files (x86)\Sandcastle\Presentation\VS2010\branding\branding-ru-RU.xslt -> E:\Users\Adam\Projects\CSharp\Sharparam.SharpBlade\docs\Working\branding\branding-ru-RU.xslt
    E:\Program Files (x86)\Sandcastle\Presentation\VS2010\branding\branding-tr-TR.xslt -> E:\Users\Adam\Projects\CSharp\Sharparam.SharpBlade\docs\Working\branding\branding-tr-TR.xslt
    E:\Program Files (x86)\Sandcastle\Presentation\VS2010\branding\branding-zh-CN.xslt -> E:\Users\Adam\Projects\CSharp\Sharparam.SharpBlade\docs\Working\branding\branding-zh-CN.xslt
    E:\Program Files (x86)\Sandcastle\Presentation\VS2010\branding\branding-zh-TW.xslt -> E:\Users\Adam\Projects\CSharp\Sharparam.SharpBlade\docs\Working\branding\branding-zh-TW.xslt
    E:\Program Files (x86)\Sandcastle\Presentation\VS2010\branding\ps-body.xslt -> E:\Users\Adam\Projects\CSharp\Sharparam.SharpBlade\docs\Working\branding\ps-body.xslt
    E:\Program Files (x86)\Sandcastle\Presentation\VS2010\branding\ps-head.xslt -> E:\Users\Adam\Projects\CSharp\Sharparam.SharpBlade\docs\Working\branding\ps-head.xslt
    E:\Program Files (x86)\Sandcastle\Presentation\VS2010\branding\ps-foot.xslt -> E:\Users\Adam\Projects\CSharp\Sharparam.SharpBlade\docs\Working\branding\ps-foot.xslt
    E:\Program Files (x86)\Sandcastle\Presentation\VS2010\branding\ps-collapsibleArea.xslt -> E:\Users\Adam\Projects\CSharp\Sharparam.SharpBlade\docs\Working\branding\ps-collapsibleArea.xslt
    E:\Program Files (x86)\Sandcastle\Presentation\VS2010\branding\ps-instrumentedLink.xslt -> E:\Users\Adam\Projects\CSharp\Sharparam.SharpBlade\docs\Working\branding\ps-instrumentedLink.xslt
    E:\Program Files (x86)\Sandcastle\Presentation\VS2010\branding\ps-languageSpecificText.xslt -> E:\Users\Adam\Projects\CSharp\Sharparam.SharpBlade\docs\Working\branding\ps-languageSpecificText.xslt
    E:\Program Files (x86)\Sandcastle\Presentation\VS2010\branding\ps-codesnippet.xslt -> E:\Users\Adam\Projects\CSharp\Sharparam.SharpBlade\docs\Working\branding\ps-codesnippet.xslt
    Last step completed in 00:00:05.6463
</buildStep>
<buildStep step="CopyAdditionalContent">
Copying additional content files...
No additional content to copy
    Last step completed in 00:00:00.0020
</buildStep>
<buildStep step="MergeTablesOfContents">
Merging conceptual and additional tables of contents...
    Last step completed in 00:00:00.0010
</buildStep>
<buildStep step="GenerateIntermediateTableOfContents">
Generating intermediate table of contents file...
[C:\Windows\Microsoft.NET\Framework64\v4.0.30319\MSBuild.exe]
  XslTransform (v2.7.4.0)
  Copyright &#184; 2006-2013, Microsoft Corporation, All Rights Reserved.
  Portions Copyright &#184; 2006-2013, Eric Woodruff, All Rights Reserved.
  Info: Applying XSL transformation &#39;E:\Program Files (x86)\Sandcastle\\ProductionTransforms\CreateVSToc.xsl&#39;.
Generating conceptual content intermediate TOC file...
    Last step completed in 00:00:02.6862
</buildStep>
<buildStep step="CreateBuildAssemblerConfigs">
Creating Sandcastle configuration files...
    sandcastle.config
    Last step completed in 00:00:00.3770
</buildStep>
<buildStep step="MergeCustomConfigs">
Merging custom build component configurations
E:\Users\Adam\Projects\CSharp\Sharparam.SharpBlade\docs\Working\sandcastle.config
    Last step completed in 00:00:00.0310
</buildStep>
<buildStep step="BuildReferenceTopics">
Building reference help topics...
[C:\Windows\Microsoft.NET\Framework64\v4.0.30319\MSBuild.exe]
  BuildAssembler (v2.7.4.0)
  Copyright &#184; 2006-2013, Microsoft Corporation, All Rights Reserved.
  Portions Copyright &#184; 2006-2013, Eric Woodruff, All Rights Reserved.
  Info: Loading configuration...
  Info: Processing topics...
  Warn: ShowMissingComponent: [N:Sharparam.SharpBlade] Missing &lt;summary&gt; documentation
  Warn: ResolveReferenceLinksComponent2: [T:Sharparam.SharpBlade.Constants] Unknown reference link target &#39;T:Microsoft.FSharp.Core.AbstractClassAttribute&#39;.
  Warn: ResolveReferenceLinksComponent2: [T:Sharparam.SharpBlade.Constants] Unknown reference link target &#39;T:Microsoft.FSharp.Core.SealedAttribute&#39;.
  Warn: ResolveReferenceLinksComponent2: [T:Sharparam.SharpBlade.DynamicKeySettings] Unknown reference link target &#39;T:Microsoft.FSharp.Core.SealedAttribute&#39;.
  Warn: ResolveReferenceLinksComponent2: [T:Sharparam.SharpBlade.Extensions.EnumerationExtensions] Unknown reference link target &#39;T:Microsoft.FSharp.Core.AbstractClassAttribute&#39;.
  Warn: ResolveReferenceLinksComponent2: [T:Sharparam.SharpBlade.Extensions.EnumerationExtensions] Unknown reference link target &#39;T:Microsoft.FSharp.Core.SealedAttribute&#39;.
  Warn: ResolveReferenceLinksComponent2: [T:Sharparam.SharpBlade.Helpers.IO] Unknown reference link target &#39;T:Microsoft.FSharp.Core.AbstractClassAttribute&#39;.
  Warn: ResolveReferenceLinksComponent2: [T:Sharparam.SharpBlade.Helpers.IO] Unknown reference link target &#39;T:Microsoft.FSharp.Core.SealedAttribute&#39;.
  Warn: ResolveReferenceLinksComponent2: [T:Sharparam.SharpBlade.Helpers.Threading] Unknown reference link target &#39;T:Microsoft.FSharp.Core.AbstractClassAttribute&#39;.
  Warn: ResolveReferenceLinksComponent2: [T:Sharparam.SharpBlade.Helpers.Threading] Unknown reference link target &#39;T:Microsoft.FSharp.Core.SealedAttribute&#39;.
  Warn: ResolveReferenceLinksComponent2: [T:Sharparam.SharpBlade.Integration.EmbeddedWinFormsControl] Unknown reference link target &#39;T:Microsoft.FSharp.Core.SealedAttribute&#39;.
  Warn: ResolveReferenceLinksComponent2: [T:Sharparam.SharpBlade.Logging.LogManager] Unknown reference link target &#39;T:Microsoft.FSharp.Core.AbstractClassAttribute&#39;.
  Warn: ResolveReferenceLinksComponent2: [T:Sharparam.SharpBlade.Logging.LogManager] Unknown reference link target &#39;T:Microsoft.FSharp.Core.SealedAttribute&#39;.
  Warn: ResolveReferenceLinksComponent2: [M:Sharparam.SharpBlade.Logging.LogManager.GetLogger(System.Object)] Unknown reference link target &#39;T:log4net.ILog&#39;.
  Warn: ResolveReferenceLinksComponent2: [M:Sharparam.SharpBlade.Logging.LogManager.GetLogger(System.Object)] Unknown reference link target &#39;T:log4net.ILog&#39;.
  Warn: ResolveReferenceLinksComponent2: [M:Sharparam.SharpBlade.Logging.LogManager.GetLogger(System.Object)] Unknown reference link target &#39;T:log4net.ILog&#39;.
  Warn: ResolveReferenceLinksComponent2: [M:Sharparam.SharpBlade.Logging.LogManager.GetLogger(System.Object)] Unknown reference link target &#39;T:log4net.ILog&#39;.
  Warn: ResolveReferenceLinksComponent2: [M:Sharparam.SharpBlade.Logging.LogManager.GetLogger(System.Object)] Unknown reference link target &#39;T:log4net.ILog&#39;.
  Warn: ResolveReferenceLinksComponent2: [M:Sharparam.SharpBlade.Logging.LogManager.GetLogger(System.Object)] Unknown reference link target &#39;T:log4net.ILog&#39;.
  Warn: ResolveReferenceLinksComponent2: [T:Sharparam.SharpBlade.Native.Helpers] Unknown reference link target &#39;T:Microsoft.FSharp.Core.AbstractClassAttribute&#39;.
  Warn: ResolveReferenceLinksComponent2: [T:Sharparam.SharpBlade.Native.Helpers] Unknown reference link target &#39;T:Microsoft.FSharp.Core.SealedAttribute&#39;.
  Warn: ShowMissingComponent: [T:Sharparam.SharpBlade.Native.HRESULT] Missing &lt;summary&gt; documentation
  Warn: ResolveReferenceLinksComponent2: [T:Sharparam.SharpBlade.Native.HRESULT] Unknown reference link target &#39;T:Microsoft.FSharp.Core.SealedAttribute&#39;.
  Warn: ShowMissingComponent: [M:Sharparam.SharpBlade.Native.HRESULT.#ctor(System.Int32)] Missing &lt;param name=&quot;value&quot;/&gt; documentation
  Warn: ShowMissingComponent: [F:Sharparam.SharpBlade.Native.HRESULT.CACHE_E_FIRST] Missing &lt;summary&gt; documentation
  Warn: ShowMissingComponent: [F:Sharparam.SharpBlade.Native.HRESULT.CACHE_E_LAST] Missing &lt;summary&gt; documentation
  Warn: ShowMissingComponent: [F:Sharparam.SharpBlade.Native.HRESULT.CACHE_S_FIRST] Missing &lt;summary&gt; documentation
  Warn: ShowMissingComponent: [F:Sharparam.SharpBlade.Native.HRESULT.CACHE_S_LAST] Missing &lt;summary&gt; documentation
  Warn: ShowMissingComponent: [F:Sharparam.SharpBlade.Native.HRESULT.CAT_E_FIRST] Missing &lt;summary&gt; documentation
  Warn: ShowMissingComponent: [F:Sharparam.SharpBlade.Native.HRESULT.CAT_E_LAST] Missing &lt;summary&gt; documentation
  Warn: ShowMissingComponent: [F:Sharparam.SharpBlade.Native.HRESULT.CLASSFACTORY_E_FIRST] Missing &lt;summary&gt; documentation
  Warn: ShowMissingComponent: [F:Sharparam.SharpBlade.Native.HRESULT.CLASSFACTORY_E_LAST] Missing &lt;summary&gt; documentation
  Warn: ShowMissingComponent: [F:Sharparam.SharpBlade.Native.HRESULT.CLASSFACTORY_S_FIRST] Missing &lt;summary&gt; documentation
  Warn: ShowMissingComponent: [F:Sharparam.SharpBlade.Native.HRESULT.CLASSFACTORY_S_LAST] Missing &lt;summary&gt; documentation
  Warn: ShowMissingComponent: [F:Sharparam.SharpBlade.Native.HRESULT.CLIENTSITE_E_FIRST] Missing &lt;summary&gt; documentation
  Warn: ShowMissingComponent: [F:Sharparam.SharpBlade.Native.HRESULT.CLIENTSITE_E_LAST] Missing &lt;summary&gt; documentation
  Warn: ShowMissingComponent: [F:Sharparam.SharpBlade.Native.HRESULT.CLIENTSITE_S_FIRST] Missing &lt;summary&gt; documentation
  Warn: ShowMissingComponent: [F:Sharparam.SharpBlade.Native.HRESULT.CLIENTSITE_S_LAST] Missing &lt;summary&gt; documentation
  Warn: ShowMissingComponent: [F:Sharparam.SharpBlade.Native.HRESULT.CLIPBRD_E_FIRST] Missing &lt;summary&gt; documentation
  Warn: ShowMissingComponent: [F:Sharparam.SharpBlade.Native.HRESULT.CLIPBRD_E_LAST] Missing &lt;summary&gt; documentation
  Warn: ShowMissingComponent: [F:Sharparam.SharpBlade.Native.HRESULT.CLIPBRD_S_FIRST] Missing &lt;summary&gt; documentation
  Warn: ShowMissingComponent: [F:Sharparam.SharpBlade.Native.HRESULT.CLIPBRD_S_LAST] Missing &lt;summary&gt; documentation
  Warn: ShowMissingComponent: [F:Sharparam.SharpBlade.Native.HRESULT.CO_E_FIRST] Missing &lt;summary&gt; documentation
  Warn: ShowMissingComponent: [F:Sharparam.SharpBlade.Native.HRESULT.CO_E_LAST] Missing &lt;summary&gt; documentation
  Warn: ShowMissingComponent: [F:Sharparam.SharpBlade.Native.HRESULT.CO_S_FIRST] Missing &lt;summary&gt; documentation
  Warn: ShowMissingComponent: [F:Sharparam.SharpBlade.Native.HRESULT.CO_S_LAST] Missing &lt;summary&gt; documentation
  Warn: ShowMissingComponent: [M:Sharparam.SharpBlade.Native.HRESULT.CompareTo(Sharparam.SharpBlade.Native.HRESULT)] Missing &lt;summary&gt; documentation
  Warn: ShowMissingComponent: [M:Sharparam.SharpBlade.Native.HRESULT.CompareTo(Sharparam.SharpBlade.Native.HRESULT)] Missing &lt;returns&gt; documentation
  Warn: ShowMissingComponent: [M:Sharparam.SharpBlade.Native.HRESULT.CompareTo(Sharparam.SharpBlade.Native.HRESULT)] Missing &lt;param name=&quot;that&quot;/&gt; documentation
  Warn: ShowMissingComponent: [M:Sharparam.SharpBlade.Native.HRESULT.CompareTo(System.Int32)] Missing &lt;summary&gt; documentation
  Warn: ShowMissingComponent: [M:Sharparam.SharpBlade.Native.HRESULT.CompareTo(System.Int32)] Missing &lt;returns&gt; documentation
  Warn: ShowMissingComponent: [M:Sharparam.SharpBlade.Native.HRESULT.CompareTo(System.Int32)] Missing &lt;param name=&quot;that&quot;/&gt; documentation
  Warn: ShowMissingComponent: [M:Sharparam.SharpBlade.Native.HRESULT.CompareTo(System.Object)] Missing &lt;summary&gt; documentation
  Warn: ShowMissingComponent: [M:Sharparam.SharpBlade.Native.HRESULT.CompareTo(System.Object)] Missing &lt;returns&gt; documentation
  Warn: ShowMissingComponent: [M:Sharparam.SharpBlade.Native.HRESULT.CompareTo(System.Object)] Missing &lt;param name=&quot;obj&quot;/&gt; documentation
  Warn: ShowMissingComponent: [F:Sharparam.SharpBlade.Native.HRESULT.CONTEXT_E_FIRST] Missing &lt;summary&gt; documentation
  Warn: ShowMissingComponent: [F:Sharparam.SharpBlade.Native.HRESULT.CONTEXT_E_LAST] Missing &lt;summary&gt; documentation
  Warn: ShowMissingComponent: [F:Sharparam.SharpBlade.Native.HRESULT.CONTEXT_S_FIRST] Missing &lt;summary&gt; documentation
  Warn: ShowMissingComponent: [F:Sharparam.SharpBlade.Native.HRESULT.CONTEXT_S_LAST] Missing &lt;summary&gt; documentation
  Warn: ShowMissingComponent: [F:Sharparam.SharpBlade.Native.HRESULT.CONVERT10_E_FIRST] Missing &lt;summary&gt; documentation
  Warn: ShowMissingComponent: [F:Sharparam.SharpBlade.Native.HRESULT.CONVERT10_E_LAST] Missing &lt;summary&gt; documentation
  Warn: ShowMissingComponent: [F:Sharparam.SharpBlade.Native.HRESULT.CONVERT10_S_FIRST] Missing &lt;summary&gt; documentation
  Warn: ShowMissingComponent: [F:Sharparam.SharpBlade.Native.HRESULT.CONVERT10_S_LAST] Missing &lt;summary&gt; documentation
  Warn: ShowMissingComponent: [F:Sharparam.SharpBlade.Native.HRESULT.CS_E_FIRST] Missing &lt;summary&gt; documentation
  Warn: ShowMissingComponent: [F:Sharparam.SharpBlade.Native.HRESULT.CS_E_LAST] Missing &lt;summary&gt; documentation
  Warn: ShowMissingComponent: [F:Sharparam.SharpBlade.Native.HRESULT.DATA_E_FIRST] Missing &lt;summary&gt; documentation
  Warn: ShowMissingComponent: [F:Sharparam.SharpBlade.Native.HRESULT.DATA_E_LAST] Missing &lt;summary&gt; documentation
  Warn: ShowMissingComponent: [F:Sharparam.SharpBlade.Native.HRESULT.DATA_S_FIRST] Missing &lt;summary&gt; documentation
  Warn: ShowMissingComponent: [F:Sharparam.SharpBlade.Native.HRESULT.DATA_S_LAST] Missing &lt;summary&gt; documentation
  Warn: ShowMissingComponent: [F:Sharparam.SharpBlade.Native.HRESULT.dirCodes] Missing &lt;summary&gt; documentation
  Warn: ShowMissingComponent: [F:Sharparam.SharpBlade.Native.HRESULT.DRAGDROP_E_FIRST] Missing &lt;summary&gt; documentation
  Warn: ShowMissingComponent: [F:Sharparam.SharpBlade.Native.HRESULT.DRAGDROP_E_LAST] Missing &lt;summary&gt; documentation
  Warn: ShowMissingComponent: [F:Sharparam.SharpBlade.Native.HRESULT.DRAGDROP_S_FIRST] Missing &lt;summary&gt; documentation
  Warn: ShowMissingComponent: [F:Sharparam.SharpBlade.Native.HRESULT.DRAGDROP_S_LAST] Missing &lt;summary&gt; documentation
  Warn: ShowMissingComponent: [F:Sharparam.SharpBlade.Native.HRESULT.ENUM_E_FIRST] Missing &lt;summary&gt; documentation
  Warn: ShowMissingComponent: [F:Sharparam.SharpBlade.Native.HRESULT.ENUM_E_LAST] Missing &lt;summary&gt; documentation
  Warn: ShowMissingComponent: [F:Sharparam.SharpBlade.Native.HRESULT.ENUM_S_FIRST] Missing &lt;summary&gt; documentation
  Warn: ShowMissingComponent: [F:Sharparam.SharpBlade.Native.HRESULT.ENUM_S_LAST] Missing &lt;summary&gt; documentation
  Warn: ShowMissingComponent: [M:Sharparam.SharpBlade.Native.HRESULT.Equals(Sharparam.SharpBlade.Native.HRESULT)] Missing &lt;summary&gt; documentation
  Warn: ShowMissingComponent: [M:Sharparam.SharpBlade.Native.HRESULT.Equals(Sharparam.SharpBlade.Native.HRESULT)] Missing &lt;returns&gt; documentation
  Warn: ShowMissingComponent: [M:Sharparam.SharpBlade.Native.HRESULT.Equals(Sharparam.SharpBlade.Native.HRESULT)] Missing &lt;param name=&quot;that&quot;/&gt; documentation
  Warn: ShowMissingComponent: [M:Sharparam.SharpBlade.Native.HRESULT.Equals(System.Int32)] Missing &lt;summary&gt; documentation
  Warn: ShowMissingComponent: [M:Sharparam.SharpBlade.Native.HRESULT.Equals(System.Int32)] Missing &lt;returns&gt; documentation
  Warn: ShowMissingComponent: [M:Sharparam.SharpBlade.Native.HRESULT.Equals(System.Int32)] Missing &lt;param name=&quot;that&quot;/&gt; documentation
  Warn: ShowMissingComponent: [M:Sharparam.SharpBlade.Native.HRESULT.Equals(System.Object)] Missing &lt;summary&gt; documentation
  Warn: ShowMissingComponent: [M:Sharparam.SharpBlade.Native.HRESULT.Equals(System.Object)] Missing &lt;returns&gt; documentation
  Warn: ShowMissingComponent: [M:Sharparam.SharpBlade.Native.HRESULT.Equals(System.Object)] Missing &lt;param name=&quot;obj&quot;/&gt; documentation
  Warn: ShowMissingComponent: [F:Sharparam.SharpBlade.Native.HRESULT.EVENT_E_FIRST] Missing &lt;summary&gt; documentation
  Warn: ShowMissingComponent: [F:Sharparam.SharpBlade.Native.HRESULT.EVENT_E_LAST] Missing &lt;summary&gt; documentation
  Warn: ShowMissingComponent: [F:Sharparam.SharpBlade.Native.HRESULT.EVENT_S_FIRST] Missing &lt;summary&gt; documentation
  Warn: ShowMissingComponent: [F:Sharparam.SharpBlade.Native.HRESULT.EVENT_S_LAST] Missing &lt;summary&gt; documentation
  Warn: ShowMissingComponent: [P:Sharparam.SharpBlade.Native.HRESULT.Failed] Missing &lt;summary&gt; documentation
  Warn: ShowMissingComponent: [M:Sharparam.SharpBlade.Native.HRESULT.FAILED(System.Int32)] Missing &lt;summary&gt; documentation
  Warn: ShowMissingComponent: [M:Sharparam.SharpBlade.Native.HRESULT.FAILED(System.Int32)] Missing &lt;returns&gt; documentation
  Warn: ShowMissingComponent: [M:Sharparam.SharpBlade.Native.HRESULT.FAILED(System.Int32)] Missing &lt;param name=&quot;hr&quot;/&gt; documentation
  Warn: ShowMissingComponent: [M:Sharparam.SharpBlade.Native.HRESULT.GetExceptionForHR(System.Int32)] Missing &lt;summary&gt; documentation
  Warn: ShowMissingComponent: [M:Sharparam.SharpBlade.Native.HRESULT.GetExceptionForHR(System.Int32)] Missing &lt;returns&gt; documentation
  Warn: ShowMissingComponent: [M:Sharparam.SharpBlade.Native.HRESULT.GetExceptionForHR(System.Int32)] Missing &lt;param name=&quot;hr&quot;/&gt; documentation
  Warn: ShowMissingComponent: [M:Sharparam.SharpBlade.Native.HRESULT.GetHashCode] Missing &lt;summary&gt; documentation
  Warn: ShowMissingComponent: [M:Sharparam.SharpBlade.Native.HRESULT.GetHashCode] Missing &lt;returns&gt; documentation
  Warn: ShowMissingComponent: [F:Sharparam.SharpBlade.Native.HRESULT.INPLACE_E_FIRST] Missing &lt;summary&gt; documentation
  Warn: ShowMissingComponent: [F:Sharparam.SharpBlade.Native.HRESULT.INPLACE_E_LAST] Missing &lt;summary&gt; documentation
  Warn: ShowMissingComponent: [F:Sharparam.SharpBlade.Native.HRESULT.INPLACE_S_FIRST] Missing &lt;summary&gt; documentation
  Warn: ShowMissingComponent: [F:Sharparam.SharpBlade.Native.HRESULT.INPLACE_S_LAST] Missing &lt;summary&gt; documentation
  Warn: ShowMissingComponent: [F:Sharparam.SharpBlade.Native.HRESULT.m_value] Missing &lt;summary&gt; documentation
  Warn: ShowMissingComponent: [F:Sharparam.SharpBlade.Native.HRESULT.MARSHAL_E_FIRST] Missing &lt;summary&gt; documentation
  Warn: ShowMissingComponent: [F:Sharparam.SharpBlade.Native.HRESULT.MARSHAL_E_LAST] Missing &lt;summary&gt; documentation
  Warn: ShowMissingComponent: [F:Sharparam.SharpBlade.Native.HRESULT.MARSHAL_S_FIRST] Missing &lt;summary&gt; documentation
  Warn: ShowMissingComponent: [F:Sharparam.SharpBlade.Native.HRESULT.MARSHAL_S_LAST] Missing &lt;summary&gt; documentation
  Warn: ShowMissingComponent: [F:Sharparam.SharpBlade.Native.HRESULT.MK_E_FIRST] Missing &lt;summary&gt; documentation
  Warn: ShowMissingComponent: [F:Sharparam.SharpBlade.Native.HRESULT.MK_E_LAST] Missing &lt;summary&gt; documentation
  Warn: ShowMissingComponent: [F:Sharparam.SharpBlade.Native.HRESULT.MK_S_FIRST] Missing &lt;summary&gt; documentation
  Warn: ShowMissingComponent: [F:Sharparam.SharpBlade.Native.HRESULT.MK_S_LAST] Missing &lt;summary&gt; documentation
  Warn: ShowMissingComponent: [F:Sharparam.SharpBlade.Native.HRESULT.NTE_OP_OK] Missing &lt;summary&gt; documentation
  Warn: ShowMissingComponent: [F:Sharparam.SharpBlade.Native.HRESULT.OLE_E_LAST] Missing &lt;summary&gt; documentation
  Warn: ShowMissingComponent: [F:Sharparam.SharpBlade.Native.HRESULT.OLE_S_FIRST] Missing &lt;summary&gt; documentation
  Warn: ShowMissingComponent: [F:Sharparam.SharpBlade.Native.HRESULT.OLE_S_LAST] Missing &lt;summary&gt; documentation
  Warn: ShowMissingComponent: [F:Sharparam.SharpBlade.Native.HRESULT.OLEOBJ_E_FIRST] Missing &lt;summary&gt; documentation
  Warn: ShowMissingComponent: [F:Sharparam.SharpBlade.Native.HRESULT.OLEOBJ_E_LAST] Missing &lt;summary&gt; documentation
  Warn: ShowMissingComponent: [F:Sharparam.SharpBlade.Native.HRESULT.OLEOBJ_S_FIRST] Missing &lt;summary&gt; documentation
  Warn: ShowMissingComponent: [F:Sharparam.SharpBlade.Native.HRESULT.OLEOBJ_S_LAST] Missing &lt;summary&gt; documentation
  Warn: ShowMissingComponent: [M:Sharparam.SharpBlade.Native.HRESULT.op_False(Sharparam.SharpBlade.Native.HRESULT)] Missing &lt;summary&gt; documentation
  Warn: ShowMissingComponent: [M:Sharparam.SharpBlade.Native.HRESULT.op_False(Sharparam.SharpBlade.Native.HRESULT)] Missing &lt;returns&gt; documentation
  Warn: ShowMissingComponent: [M:Sharparam.SharpBlade.Native.HRESULT.op_False(Sharparam.SharpBlade.Native.HRESULT)] Missing &lt;param name=&quot;This&quot;/&gt; documentation
  Warn: ShowMissingComponent: [M:Sharparam.SharpBlade.Native.HRESULT.op_Implicit(Sharparam.SharpBlade.Native.HRESULT)~System.Boolean] Missing &lt;summary&gt; documentation
  Warn: ShowMissingComponent: [M:Sharparam.SharpBlade.Native.HRESULT.op_Implicit(Sharparam.SharpBlade.Native.HRESULT)~System.Boolean] Missing &lt;returns&gt; documentation
  Warn: ShowMissingComponent: [M:Sharparam.SharpBlade.Native.HRESULT.op_Implicit(Sharparam.SharpBlade.Native.HRESULT)~System.Boolean] Missing &lt;param name=&quot;This&quot;/&gt; documentation
  Warn: ShowMissingComponent: [M:Sharparam.SharpBlade.Native.HRESULT.op_Implicit(Sharparam.SharpBlade.Native.HRESULT)~System.Int32] Missing &lt;summary&gt; documentation
  Warn: ShowMissingComponent: [M:Sharparam.SharpBlade.Native.HRESULT.op_Implicit(Sharparam.SharpBlade.Native.HRESULT)~System.Int32] Missing &lt;returns&gt; documentation
  Warn: ShowMissingComponent: [M:Sharparam.SharpBlade.Native.HRESULT.op_Implicit(Sharparam.SharpBlade.Native.HRESULT)~System.Int32] Missing &lt;param name=&quot;This&quot;/&gt; documentation
  Warn: ShowMissingComponent: [M:Sharparam.SharpBlade.Native.HRESULT.op_Implicit(System.Int32)~Sharparam.SharpBlade.Native.HRESULT] Missing &lt;summary&gt; documentation
  Warn: ShowMissingComponent: [M:Sharparam.SharpBlade.Native.HRESULT.op_Implicit(System.Int32)~Sharparam.SharpBlade.Native.HRESULT] Missing &lt;returns&gt; documentation
  Warn: ShowMissingComponent: [M:Sharparam.SharpBlade.Native.HRESULT.op_Implicit(System.Int32)~Sharparam.SharpBlade.Native.HRESULT] Missing &lt;param name=&quot;This&quot;/&gt; documentation
  Warn: ShowMissingComponent: [M:Sharparam.SharpBlade.Native.HRESULT.op_True(Sharparam.SharpBlade.Native.HRESULT)] Missing &lt;summary&gt; documentation
  Warn: ShowMissingComponent: [M:Sharparam.SharpBlade.Native.HRESULT.op_True(Sharparam.SharpBlade.Native.HRESULT)] Missing &lt;returns&gt; documentation
  Warn: ShowMissingComponent: [M:Sharparam.SharpBlade.Native.HRESULT.op_True(Sharparam.SharpBlade.Native.HRESULT)] Missing &lt;param name=&quot;This&quot;/&gt; documentation
  Warn: ShowMissingComponent: [F:Sharparam.SharpBlade.Native.HRESULT.REGDB_E_FIRST] Missing &lt;summary&gt; documentation
  Warn: ShowMissingComponent: [F:Sharparam.SharpBlade.Native.HRESULT.REGDB_E_LAST] Missing &lt;summary&gt; documentation
  Warn: ShowMissingComponent: [F:Sharparam.SharpBlade.Native.HRESULT.REGDB_S_FIRST] Missing &lt;summary&gt; documentation
  Warn: ShowMissingComponent: [F:Sharparam.SharpBlade.Native.HRESULT.REGDB_S_LAST] Missing &lt;summary&gt; documentation
  Warn: ShowMissingComponent: [F:Sharparam.SharpBlade.Native.HRESULT.RZSB_ABORTED] Missing &lt;summary&gt; documentation
  Warn: ShowMissingComponent: [F:Sharparam.SharpBlade.Native.HRESULT.RZSB_CALLBACK_BASE] Missing &lt;summary&gt; documentation
  Warn: ShowMissingComponent: [F:Sharparam.SharpBlade.Native.HRESULT.RZSB_CONTROL_BASE_ERROR] Missing &lt;summary&gt; documentation
  Warn: ShowMissingComponent: [F:Sharparam.SharpBlade.Native.HRESULT.RZSB_DK_BASE_ERROR] Missing &lt;summary&gt; documentation
  Warn: ShowMissingComponent: [M:Sharparam.SharpBlade.Native.HRESULT.RZSB_FAILED(Sharparam.SharpBlade.Native.HRESULT)] Missing &lt;summary&gt; documentation
  Warn: ShowMissingComponent: [M:Sharparam.SharpBlade.Native.HRESULT.RZSB_FAILED(Sharparam.SharpBlade.Native.HRESULT)] Missing &lt;returns&gt; documentation
  Warn: ShowMissingComponent: [M:Sharparam.SharpBlade.Native.HRESULT.RZSB_FAILED(Sharparam.SharpBlade.Native.HRESULT)] Missing &lt;param name=&quot;result&quot;/&gt; documentation
  Warn: ShowMissingComponent: [F:Sharparam.SharpBlade.Native.HRESULT.RZSB_GENERIC_BASE] Missing &lt;summary&gt; documentation
  Warn: ShowMissingComponent: [F:Sharparam.SharpBlade.Native.HRESULT.RZSB_INTERNAL_BASE_ERROR] Missing &lt;summary&gt; documentation
  Warn: ShowMissingComponent: [F:Sharparam.SharpBlade.Native.HRESULT.RZSB_NO_INTERFACE] Missing &lt;summary&gt; documentation
  Warn: ShowMissingComponent: [F:Sharparam.SharpBlade.Native.HRESULT.RZSB_NOT_IMPLEMENTED] Missing &lt;summary&gt; documentation
  Warn: ShowMissingComponent: [M:Sharparam.SharpBlade.Native.HRESULT.RZSB_SUCCESS(Sharparam.SharpBlade.Native.HRESULT)] Missing &lt;summary&gt; documentation
  Warn: ShowMissingComponent: [M:Sharparam.SharpBlade.Native.HRESULT.RZSB_SUCCESS(Sharparam.SharpBlade.Native.HRESULT)] Missing &lt;returns&gt; documentation
  Warn: ShowMissingComponent: [M:Sharparam.SharpBlade.Native.HRESULT.RZSB_SUCCESS(Sharparam.SharpBlade.Native.HRESULT)] Missing &lt;param name=&quot;result&quot;/&gt; documentation
  Warn: ShowMissingComponent: [F:Sharparam.SharpBlade.Native.HRESULT.RZSB_TOUCHPAD_BASE_ERROR] Missing &lt;summary&gt; documentation
  Warn: ShowMissingComponent: [F:Sharparam.SharpBlade.Native.HRESULT.RZSB_WINRENDER_BASE_ERROR] Missing &lt;summary&gt; documentation
  Warn: ShowMissingComponent: [F:Sharparam.SharpBlade.Native.HRESULT.SCARD_S_SUCCESS] Missing &lt;summary&gt; documentation
  Warn: ShowMissingComponent: [F:Sharparam.SharpBlade.Native.HRESULT.SEC_E_NO_SPM] Missing &lt;summary&gt; documentation
  Warn: ShowMissingComponent: [F:Sharparam.SharpBlade.Native.HRESULT.SEC_E_NOT_SUPPORTED] Missing &lt;summary&gt; documentation
  Warn: ShowMissingComponent: [P:Sharparam.SharpBlade.Native.HRESULT.Succeeded] Missing &lt;summary&gt; documentation
  Warn: ShowMissingComponent: [M:Sharparam.SharpBlade.Native.HRESULT.SUCCEEDED(System.Int32)] Missing &lt;summary&gt; documentation
  Warn: ShowMissingComponent: [M:Sharparam.SharpBlade.Native.HRESULT.SUCCEEDED(System.Int32)] Missing &lt;returns&gt; documentation
  Warn: ShowMissingComponent: [M:Sharparam.SharpBlade.Native.HRESULT.SUCCEEDED(System.Int32)] Missing &lt;param name=&quot;hr&quot;/&gt; documentation
  Warn: ShowMissingComponent: [M:Sharparam.SharpBlade.Native.HRESULT.ToString] Missing &lt;summary&gt; documentation
  Warn: ShowMissingComponent: [M:Sharparam.SharpBlade.Native.HRESULT.ToString] Missing &lt;returns&gt; documentation
  Warn: ShowMissingComponent: [M:Sharparam.SharpBlade.Native.HRESULT.ToString(System.Boolean)] Missing &lt;summary&gt; documentation
  Warn: ShowMissingComponent: [M:Sharparam.SharpBlade.Native.HRESULT.ToString(System.Boolean)] Missing &lt;returns&gt; documentation
  Warn: ShowMissingComponent: [M:Sharparam.SharpBlade.Native.HRESULT.ToString(System.Boolean)] Missing &lt;param name=&quot;nameOnly&quot;/&gt; documentation
  Warn: ShowMissingComponent: [F:Sharparam.SharpBlade.Native.HRESULT.VIEW_E_FIRST] Missing &lt;summary&gt; documentation
  Warn: ShowMissingComponent: [F:Sharparam.SharpBlade.Native.HRESULT.VIEW_E_LAST] Missing &lt;summary&gt; documentation
  Warn: ShowMissingComponent: [F:Sharparam.SharpBlade.Native.HRESULT.VIEW_S_FIRST] Missing &lt;summary&gt; documentation
  Warn: ShowMissingComponent: [F:Sharparam.SharpBlade.Native.HRESULT.VIEW_S_LAST] Missing &lt;summary&gt; documentation
  Warn: ShowMissingComponent: [F:Sharparam.SharpBlade.Native.HRESULT.XACT_E_FIRST] Missing &lt;summary&gt; documentation
  Warn: ShowMissingComponent: [F:Sharparam.SharpBlade.Native.HRESULT.XACT_E_LAST] Missing &lt;summary&gt; documentation
  Warn: ShowMissingComponent: [F:Sharparam.SharpBlade.Native.HRESULT.XACT_S_FIRST] Missing &lt;summary&gt; documentation
  Warn: ShowMissingComponent: [F:Sharparam.SharpBlade.Native.HRESULT.XACT_S_LAST] Missing &lt;summary&gt; documentation
  Warn: ShowMissingComponent: [T:Sharparam.SharpBlade.Native.HRESULT.DescriptionAttribute] Missing &lt;summary&gt; documentation
  Warn: ShowMissingComponent: [M:Sharparam.SharpBlade.Native.HRESULT.DescriptionAttribute.#ctor(System.String)] Missing &lt;param name=&quot;description&quot;/&gt; documentation
  Warn: ShowMissingComponent: [P:Sharparam.SharpBlade.Native.HRESULT.DescriptionAttribute.description] Missing &lt;summary&gt; documentation
  Warn: ShowMissingComponent: [T:Sharparam.SharpBlade.Native.HRESULT.DirCodes] Missing &lt;summary&gt; documentation
  Warn: ShowMissingComponent: [M:Sharparam.SharpBlade.Native.HRESULT.DirCodes.#ctor(System.Int32)] Missing &lt;param name=&quot;capacity&quot;/&gt; documentation
  Warn: ShowMissingComponent: [M:Sharparam.SharpBlade.Native.HRESULT.DirCodes.Add(System.Int32,System.Reflection.FieldInfo)] Missing &lt;summary&gt; documentation
  Warn: ShowMissingComponent: [M:Sharparam.SharpBlade.Native.HRESULT.DirCodes.Add(System.Int32,System.Reflection.FieldInfo)] Missing &lt;param name=&quot;key&quot;/&gt; documentation
  Warn: ShowMissingComponent: [M:Sharparam.SharpBlade.Native.HRESULT.DirCodes.Add(System.Int32,System.Reflection.FieldInfo)] Missing &lt;param name=&quot;value&quot;/&gt; documentation
  Warn: ShowMissingComponent: [M:Sharparam.SharpBlade.Native.HRESULT.DirCodes.Contains(System.Int32)] Missing &lt;summary&gt; documentation
  Warn: ShowMissingComponent: [M:Sharparam.SharpBlade.Native.HRESULT.DirCodes.Contains(System.Int32)] Missing &lt;returns&gt; documentation
  Warn: ShowMissingComponent: [M:Sharparam.SharpBlade.Native.HRESULT.DirCodes.Contains(System.Int32)] Missing &lt;param name=&quot;key&quot;/&gt; documentation
  Warn: ShowMissingComponent: [M:Sharparam.SharpBlade.Native.HRESULT.DirCodes.ContainsKey(System.Int32)] Missing &lt;summary&gt; documentation
  Warn: ShowMissingComponent: [M:Sharparam.SharpBlade.Native.HRESULT.DirCodes.ContainsKey(System.Int32)] Missing &lt;returns&gt; documentation
  Warn: ShowMissingComponent: [M:Sharparam.SharpBlade.Native.HRESULT.DirCodes.ContainsKey(System.Int32)] Missing &lt;param name=&quot;key&quot;/&gt; documentation
  Warn: ShowMissingComponent: [M:Sharparam.SharpBlade.Native.HRESULT.DirCodes.CopyTo(System.Reflection.FieldInfo[],System.Int32)] Missing &lt;summary&gt; documentation
  Warn: ShowMissingComponent: [M:Sharparam.SharpBlade.Native.HRESULT.DirCodes.CopyTo(System.Reflection.FieldInfo[],System.Int32)] Missing &lt;param name=&quot;values&quot;/&gt; documentation
  Warn: ShowMissingComponent: [M:Sharparam.SharpBlade.Native.HRESULT.DirCodes.CopyTo(System.Reflection.FieldInfo[],System.Int32)] Missing &lt;param name=&quot;index&quot;/&gt; documentation
  Warn: ShowMissingComponent: [P:Sharparam.SharpBlade.Native.HRESULT.DirCodes.Item(System.Int32)] Missing &lt;summary&gt; documentation
  Warn: ShowMissingComponent: [P:Sharparam.SharpBlade.Native.HRESULT.DirCodes.Keys] Missing &lt;summary&gt; documentation
  Warn: ShowMissingComponent: [M:Sharparam.SharpBlade.Native.HRESULT.DirCodes.TryGetValue(System.Int32,System.Reflection.FieldInfo@)] Missing &lt;summary&gt; documentation
  Warn: ShowMissingComponent: [M:Sharparam.SharpBlade.Native.HRESULT.DirCodes.TryGetValue(System.Int32,System.Reflection.FieldInfo@)] Missing &lt;returns&gt; documentation
  Warn: ShowMissingComponent: [M:Sharparam.SharpBlade.Native.HRESULT.DirCodes.TryGetValue(System.Int32,System.Reflection.FieldInfo@)] Missing &lt;param name=&quot;key&quot;/&gt; documentation
  Warn: ShowMissingComponent: [M:Sharparam.SharpBlade.Native.HRESULT.DirCodes.TryGetValue(System.Int32,System.Reflection.FieldInfo@)] Missing &lt;param name=&quot;value&quot;/&gt; documentation
  Warn: ShowMissingComponent: [P:Sharparam.SharpBlade.Native.HRESULT.DirCodes.Values] Missing &lt;summary&gt; documentation
  Warn: ShowMissingComponent: [T:Sharparam.SharpBlade.Native.HRESULT.HResultException] Missing &lt;summary&gt; documentation
  Warn: ShowMissingComponent: [M:Sharparam.SharpBlade.Native.HRESULT.HResultException.#ctor(System.Int32)] Missing &lt;param name=&quot;hr&quot;/&gt; documentation
  Warn: ShowMissingComponent: [P:Sharparam.SharpBlade.Native.HRESULT.HResultException.HResult] Missing &lt;summary&gt; documentation
  Warn: ResolveReferenceLinksComponent2: [T:Sharparam.SharpBlade.Native.RazerAPI] Unknown reference link target &#39;T:Microsoft.FSharp.Core.AbstractClassAttribute&#39;.
  Warn: ResolveReferenceLinksComponent2: [T:Sharparam.SharpBlade.Native.RazerAPI] Unknown reference link target &#39;T:Microsoft.FSharp.Core.SealedAttribute&#39;.
  Warn: ResolveReferenceLinksComponent2: [T:Sharparam.SharpBlade.Native.RazerAPI.BufferParams] Unknown reference link target &#39;T:Microsoft.FSharp.Core.SealedAttribute&#39;.
  Warn: ResolveReferenceLinksComponent2: [T:Sharparam.SharpBlade.Native.RazerAPI.Capabilities] Unknown reference link target &#39;T:Microsoft.FSharp.Core.SealedAttribute&#39;.
  Warn: ResolveReferenceLinksComponent2: [T:Sharparam.SharpBlade.Native.RazerAPI.Point] Unknown reference link target &#39;T:Microsoft.FSharp.Core.SealedAttribute&#39;.
  Warn: ResolveReferenceLinksComponent2: [T:Sharparam.SharpBlade.Native.WinAPI.GDI32] Unknown reference link target &#39;T:Microsoft.FSharp.Core.AbstractClassAttribute&#39;.
  Warn: ResolveReferenceLinksComponent2: [T:Sharparam.SharpBlade.Native.WinAPI.GDI32] Unknown reference link target &#39;T:Microsoft.FSharp.Core.SealedAttribute&#39;.
  Warn: ResolveReferenceLinksComponent2: [T:Sharparam.SharpBlade.Native.WinAPI.Kernel32] Unknown reference link target &#39;T:Microsoft.FSharp.Core.AbstractClassAttribute&#39;.
  Warn: ResolveReferenceLinksComponent2: [T:Sharparam.SharpBlade.Native.WinAPI.Kernel32] Unknown reference link target &#39;T:Microsoft.FSharp.Core.SealedAttribute&#39;.
  Warn: ResolveReferenceLinksComponent2: [T:Sharparam.SharpBlade.Native.WinAPI.User32] Unknown reference link target &#39;T:Microsoft.FSharp.Core.AbstractClassAttribute&#39;.
  Warn: ResolveReferenceLinksComponent2: [T:Sharparam.SharpBlade.Native.WinAPI.User32] Unknown reference link target &#39;T:Microsoft.FSharp.Core.SealedAttribute&#39;.
  Warn: ResolveReferenceLinksComponent2: [T:Sharparam.SharpBlade.Native.WinAPI.User32.RECT] Unknown reference link target &#39;T:Microsoft.FSharp.Core.SealedAttribute&#39;.
  Warn: ResolveReferenceLinksComponent2: [F:Sharparam.SharpBlade.Razer.DynamicKey._log] Unknown reference link target &#39;T:log4net.ILog&#39;.
  Warn: ResolveReferenceLinksComponent2: [F:Sharparam.SharpBlade.Razer.DynamicKey._log] Unknown reference link target &#39;T:log4net.ILog&#39;.
  Warn: ResolveReferenceLinksComponent2: [F:Sharparam.SharpBlade.Razer.DynamicKey._log] Unknown reference link target &#39;T:log4net.ILog&#39;.
  Warn: ResolveReferenceLinksComponent2: [F:Sharparam.SharpBlade.Razer.DynamicKey._log] Unknown reference link target &#39;T:log4net.ILog&#39;.
  Warn: ResolveReferenceLinksComponent2: [F:Sharparam.SharpBlade.Razer.DynamicKey._log] Unknown reference link target &#39;T:log4net.ILog&#39;.
  Warn: ResolveReferenceLinksComponent2: [E:Sharparam.SharpBlade.Razer.DynamicKey.Pressed] Unknown reference link target &#39;T:Microsoft.FSharp.Control.IEvent`2&#39;.
  Warn: ResolveReferenceLinksComponent2: [F:Sharparam.SharpBlade.Razer.RazerManager._log] Unknown reference link target &#39;T:log4net.ILog&#39;.
  Warn: ResolveReferenceLinksComponent2: [F:Sharparam.SharpBlade.Razer.RazerManager._log] Unknown reference link target &#39;T:log4net.ILog&#39;.
  Warn: ResolveReferenceLinksComponent2: [F:Sharparam.SharpBlade.Razer.RazerManager._log] Unknown reference link target &#39;T:log4net.ILog&#39;.
  Warn: ResolveReferenceLinksComponent2: [F:Sharparam.SharpBlade.Razer.RazerManager._log] Unknown reference link target &#39;T:log4net.ILog&#39;.
  Warn: ResolveReferenceLinksComponent2: [F:Sharparam.SharpBlade.Razer.RazerManager._log] Unknown reference link target &#39;T:log4net.ILog&#39;.
  Warn: ResolveReferenceLinksComponent2: [E:Sharparam.SharpBlade.Razer.RazerManager.AppEvent] Unknown reference link target &#39;T:Microsoft.FSharp.Control.IEvent`2&#39;.
  Warn: ResolveReferenceLinksComponent2: [E:Sharparam.SharpBlade.Razer.RazerManager.DynamicKeyEvent] Unknown reference link target &#39;T:Microsoft.FSharp.Control.IEvent`2&#39;.
  Warn: ResolveReferenceLinksComponent2: [E:Sharparam.SharpBlade.Razer.RazerManager.KeyboardCharTyped] Unknown reference link target &#39;T:Microsoft.FSharp.Control.IEvent`2&#39;.
  Warn: ResolveReferenceLinksComponent2: [E:Sharparam.SharpBlade.Razer.RazerManager.KeyboardKeyDown] Unknown reference link target &#39;T:Microsoft.FSharp.Control.IEvent`2&#39;.
  Warn: ResolveReferenceLinksComponent2: [E:Sharparam.SharpBlade.Razer.RazerManager.KeyboardKeyUp] Unknown reference link target &#39;T:Microsoft.FSharp.Control.IEvent`2&#39;.
  Warn: ResolveReferenceLinksComponent2: [E:Sharparam.SharpBlade.Razer.RazerManager.KeyboardRawEvent] Unknown reference link target &#39;T:Microsoft.FSharp.Control.IEvent`2&#39;.
  Warn: ResolveReferenceLinksComponent2: [F:Sharparam.SharpBlade.Razer.Touchpad._log] Unknown reference link target &#39;T:log4net.ILog&#39;.
  Warn: ResolveReferenceLinksComponent2: [F:Sharparam.SharpBlade.Razer.Touchpad._log] Unknown reference link target &#39;T:log4net.ILog&#39;.
  Warn: ResolveReferenceLinksComponent2: [F:Sharparam.SharpBlade.Razer.Touchpad._log] Unknown reference link target &#39;T:log4net.ILog&#39;.
  Warn: ResolveReferenceLinksComponent2: [F:Sharparam.SharpBlade.Razer.Touchpad._log] Unknown reference link target &#39;T:log4net.ILog&#39;.
  Warn: ResolveReferenceLinksComponent2: [F:Sharparam.SharpBlade.Razer.Touchpad._log] Unknown reference link target &#39;T:log4net.ILog&#39;.
  Warn: ResolveReferenceLinksComponent2: [E:Sharparam.SharpBlade.Razer.Touchpad.Flick] Unknown reference link target &#39;T:Microsoft.FSharp.Control.IEvent`2&#39;.
  Warn: ResolveReferenceLinksComponent2: [E:Sharparam.SharpBlade.Razer.Touchpad.Gesture] Unknown reference link target &#39;T:Microsoft.FSharp.Control.IEvent`2&#39;.
  Warn: ResolveReferenceLinksComponent2: [E:Sharparam.SharpBlade.Razer.Touchpad.Hold] Unknown reference link target &#39;T:Microsoft.FSharp.Control.IEvent`2&#39;.
  Warn: ResolveReferenceLinksComponent2: [E:Sharparam.SharpBlade.Razer.Touchpad.Move] Unknown reference link target &#39;T:Microsoft.FSharp.Control.IEvent`2&#39;.
  Warn: ResolveReferenceLinksComponent2: [E:Sharparam.SharpBlade.Razer.Touchpad.Press] Unknown reference link target &#39;T:Microsoft.FSharp.Control.IEvent`2&#39;.
  Warn: ResolveReferenceLinksComponent2: [E:Sharparam.SharpBlade.Razer.Touchpad.Release] Unknown reference link target &#39;T:Microsoft.FSharp.Control.IEvent`2&#39;.
  Warn: ResolveReferenceLinksComponent2: [E:Sharparam.SharpBlade.Razer.Touchpad.Rotate] Unknown reference link target &#39;T:Microsoft.FSharp.Control.IEvent`2&#39;.
  Warn: ResolveReferenceLinksComponent2: [E:Sharparam.SharpBlade.Razer.Touchpad.Scroll] Unknown reference link target &#39;T:Microsoft.FSharp.Control.IEvent`2&#39;.
  Warn: ResolveReferenceLinksComponent2: [E:Sharparam.SharpBlade.Razer.Touchpad.Tap] Unknown reference link target &#39;T:Microsoft.FSharp.Control.IEvent`2&#39;.
  Warn: ResolveReferenceLinksComponent2: [E:Sharparam.SharpBlade.Razer.Touchpad.Zoom] Unknown reference link target &#39;T:Microsoft.FSharp.Control.IEvent`2&#39;.
  Info: Processed 1797 topic(s)
  Info: 247 warning(s)
  Diagnostic: CopyFromIndexComponent: &quot;reflection&quot; in-memory cache entries used: 14 of 15.
  Diagnostic: CopyFromIndexComponent: &quot;comments&quot; in-memory cache entries used: 2 of 30.
    Last step completed in 00:00:44.6336
</buildStep>
<buildStep step="CombiningIntermediateTocFiles">
Combining conceptual and API intermediate TOC files...

Clearing any prior web output
    Last step completed in 00:00:00.0090
</buildStep>
<buildStep step="ExtractingHtmlInfo">
Extracting HTML info for HTML Help 1 and/or website...
[C:\Windows\Microsoft.NET\Framework64\v4.0.30319\MSBuild.exe]
Sandcastle Help File Builder, version 1.9.8.0
Copyright &#184; 2006-2013, Eric Woodruff, All Rights Reserved
E-Mail: Eric@EWoodruff.us

Using LCID &#39;1033&#39;, code page &#39;65001&#39;, encoding charset &#39;UTF-8&#39;.

Processing website files in E:\Users\Adam\Projects\CSharp\Sharparam.SharpBlade\docs\Working\Output\Website
Processed 1797 HTML files
Sorting keywords and generating See Also indices
Saving website keyword index to E:\Users\Adam\Projects\CSharp\Sharparam.SharpBlade\docs\Working\WebKI.xml
Saving website table of contents to E:\Users\Adam\Projects\CSharp\Sharparam.SharpBlade\docs\Working\WebTOC.xml
    Last step completed in 00:00:03.1152
</buildStep>
<buildStep step="CopyStandardHelpContent">
Copying standard help content...
E:\Program Files (x86)\Sandcastle\\Presentation\VS2010\icons\1_404_bullet.gif -&gt; E:\Users\Adam\Projects\CSharp\Sharparam.SharpBlade\docs\Working\Output\Website\icons\1_404_bullet.gif
E:\Program Files (x86)\Sandcastle\\Presentation\VS2010\icons\2_404_bullet.gif -&gt; E:\Users\Adam\Projects\CSharp\Sharparam.SharpBlade\docs\Working\Output\Website\icons\2_404_bullet.gif
E:\Program Files (x86)\Sandcastle\\Presentation\VS2010\icons\alert_caution.gif -&gt; E:\Users\Adam\Projects\CSharp\Sharparam.SharpBlade\docs\Working\Output\Website\icons\alert_caution.gif
E:\Program Files (x86)\Sandcastle\\Presentation\VS2010\icons\alert_note.gif -&gt; E:\Users\Adam\Projects\CSharp\Sharparam.SharpBlade\docs\Working\Output\Website\icons\alert_note.gif
E:\Program Files (x86)\Sandcastle\\Presentation\VS2010\icons\alert_security.gif -&gt; E:\Users\Adam\Projects\CSharp\Sharparam.SharpBlade\docs\Working\Output\Website\icons\alert_security.gif
E:\Program Files (x86)\Sandcastle\\Presentation\VS2010\icons\CFW.gif -&gt; E:\Users\Adam\Projects\CSharp\Sharparam.SharpBlade\docs\Working\Output\Website\icons\CFW.gif
E:\Program Files (x86)\Sandcastle\\Presentation\VS2010\icons\close.gif -&gt; E:\Users\Adam\Projects\CSharp\Sharparam.SharpBlade\docs\Working\Output\Website\icons\close.gif
E:\Program Files (x86)\Sandcastle\\Presentation\VS2010\icons\favicon.ico -&gt; E:\Users\Adam\Projects\CSharp\Sharparam.SharpBlade\docs\Working\Output\Website\icons\favicon.ico
E:\Program Files (x86)\Sandcastle\\Presentation\VS2010\icons\footer_slice.gif -&gt; E:\Users\Adam\Projects\CSharp\Sharparam.SharpBlade\docs\Working\Output\Website\icons\footer_slice.gif
E:\Program Files (x86)\Sandcastle\\Presentation\VS2010\icons\info_icon.gif -&gt; E:\Users\Adam\Projects\CSharp\Sharparam.SharpBlade\docs\Working\Output\Website\icons\info_icon.gif
E:\Program Files (x86)\Sandcastle\\Presentation\VS2010\icons\note.gif -&gt; E:\Users\Adam\Projects\CSharp\Sharparam.SharpBlade\docs\Working\Output\Website\icons\note.gif
E:\Program Files (x86)\Sandcastle\\Presentation\VS2010\icons\online_icon.gif -&gt; E:\Users\Adam\Projects\CSharp\Sharparam.SharpBlade\docs\Working\Output\Website\icons\online_icon.gif
E:\Program Files (x86)\Sandcastle\\Presentation\VS2010\icons\open.gif -&gt; E:\Users\Adam\Projects\CSharp\Sharparam.SharpBlade\docs\Working\Output\Website\icons\open.gif
E:\Program Files (x86)\Sandcastle\\Presentation\VS2010\icons\pencil.GIF -&gt; E:\Users\Adam\Projects\CSharp\Sharparam.SharpBlade\docs\Working\Output\Website\icons\pencil.GIF
E:\Program Files (x86)\Sandcastle\\Presentation\VS2010\icons\privclass.gif -&gt; E:\Users\Adam\Projects\CSharp\Sharparam.SharpBlade\docs\Working\Output\Website\icons\privclass.gif
E:\Program Files (x86)\Sandcastle\\Presentation\VS2010\icons\privdelegate.gif -&gt; E:\Users\Adam\Projects\CSharp\Sharparam.SharpBlade\docs\Working\Output\Website\icons\privdelegate.gif
E:\Program Files (x86)\Sandcastle\\Presentation\VS2010\icons\privenumeration.gif -&gt; E:\Users\Adam\Projects\CSharp\Sharparam.SharpBlade\docs\Working\Output\Website\icons\privenumeration.gif
E:\Program Files (x86)\Sandcastle\\Presentation\VS2010\icons\privevent.gif -&gt; E:\Users\Adam\Projects\CSharp\Sharparam.SharpBlade\docs\Working\Output\Website\icons\privevent.gif
E:\Program Files (x86)\Sandcastle\\Presentation\VS2010\icons\privextension.gif -&gt; E:\Users\Adam\Projects\CSharp\Sharparam.SharpBlade\docs\Working\Output\Website\icons\privextension.gif
E:\Program Files (x86)\Sandcastle\\Presentation\VS2010\icons\privfield.gif -&gt; E:\Users\Adam\Projects\CSharp\Sharparam.SharpBlade\docs\Working\Output\Website\icons\privfield.gif
E:\Program Files (x86)\Sandcastle\\Presentation\VS2010\icons\privinterface.gif -&gt; E:\Users\Adam\Projects\CSharp\Sharparam.SharpBlade\docs\Working\Output\Website\icons\privinterface.gif
E:\Program Files (x86)\Sandcastle\\Presentation\VS2010\icons\privmethod.gif -&gt; E:\Users\Adam\Projects\CSharp\Sharparam.SharpBlade\docs\Working\Output\Website\icons\privmethod.gif
E:\Program Files (x86)\Sandcastle\\Presentation\VS2010\icons\privproperty.gif -&gt; E:\Users\Adam\Projects\CSharp\Sharparam.SharpBlade\docs\Working\Output\Website\icons\privproperty.gif
E:\Program Files (x86)\Sandcastle\\Presentation\VS2010\icons\privstructure.gif -&gt; E:\Users\Adam\Projects\CSharp\Sharparam.SharpBlade\docs\Working\Output\Website\icons\privstructure.gif
E:\Program Files (x86)\Sandcastle\\Presentation\VS2010\icons\protclass.gif -&gt; E:\Users\Adam\Projects\CSharp\Sharparam.SharpBlade\docs\Working\Output\Website\icons\protclass.gif
E:\Program Files (x86)\Sandcastle\\Presentation\VS2010\icons\protdelegate.gif -&gt; E:\Users\Adam\Projects\CSharp\Sharparam.SharpBlade\docs\Working\Output\Website\icons\protdelegate.gif
E:\Program Files (x86)\Sandcastle\\Presentation\VS2010\icons\protenumeration.gif -&gt; E:\Users\Adam\Projects\CSharp\Sharparam.SharpBlade\docs\Working\Output\Website\icons\protenumeration.gif
E:\Program Files (x86)\Sandcastle\\Presentation\VS2010\icons\protevent.gif -&gt; E:\Users\Adam\Projects\CSharp\Sharparam.SharpBlade\docs\Working\Output\Website\icons\protevent.gif
E:\Program Files (x86)\Sandcastle\\Presentation\VS2010\icons\protextension.gif -&gt; E:\Users\Adam\Projects\CSharp\Sharparam.SharpBlade\docs\Working\Output\Website\icons\protextension.gif
E:\Program Files (x86)\Sandcastle\\Presentation\VS2010\icons\protfield.gif -&gt; E:\Users\Adam\Projects\CSharp\Sharparam.SharpBlade\docs\Working\Output\Website\icons\protfield.gif
E:\Program Files (x86)\Sandcastle\\Presentation\VS2010\icons\protinterface.gif -&gt; E:\Users\Adam\Projects\CSharp\Sharparam.SharpBlade\docs\Working\Output\Website\icons\protinterface.gif
E:\Program Files (x86)\Sandcastle\\Presentation\VS2010\icons\protmethod.gif -&gt; E:\Users\Adam\Projects\CSharp\Sharparam.SharpBlade\docs\Working\Output\Website\icons\protmethod.gif
E:\Program Files (x86)\Sandcastle\\Presentation\VS2010\icons\protoperator.gif -&gt; E:\Users\Adam\Projects\CSharp\Sharparam.SharpBlade\docs\Working\Output\Website\icons\protoperator.gif
E:\Program Files (x86)\Sandcastle\\Presentation\VS2010\icons\protproperty.gif -&gt; E:\Users\Adam\Projects\CSharp\Sharparam.SharpBlade\docs\Working\Output\Website\icons\protproperty.gif
E:\Program Files (x86)\Sandcastle\\Presentation\VS2010\icons\protstructure.gif -&gt; E:\Users\Adam\Projects\CSharp\Sharparam.SharpBlade\docs\Working\Output\Website\icons\protstructure.gif
E:\Program Files (x86)\Sandcastle\\Presentation\VS2010\icons\pubclass.gif -&gt; E:\Users\Adam\Projects\CSharp\Sharparam.SharpBlade\docs\Working\Output\Website\icons\pubclass.gif
E:\Program Files (x86)\Sandcastle\\Presentation\VS2010\icons\pubdelegate.gif -&gt; E:\Users\Adam\Projects\CSharp\Sharparam.SharpBlade\docs\Working\Output\Website\icons\pubdelegate.gif
E:\Program Files (x86)\Sandcastle\\Presentation\VS2010\icons\pubenumeration.gif -&gt; E:\Users\Adam\Projects\CSharp\Sharparam.SharpBlade\docs\Working\Output\Website\icons\pubenumeration.gif
E:\Program Files (x86)\Sandcastle\\Presentation\VS2010\icons\pubevent.gif -&gt; E:\Users\Adam\Projects\CSharp\Sharparam.SharpBlade\docs\Working\Output\Website\icons\pubevent.gif
E:\Program Files (x86)\Sandcastle\\Presentation\VS2010\icons\pubextension.gif -&gt; E:\Users\Adam\Projects\CSharp\Sharparam.SharpBlade\docs\Working\Output\Website\icons\pubextension.gif
E:\Program Files (x86)\Sandcastle\\Presentation\VS2010\icons\pubfield.gif -&gt; E:\Users\Adam\Projects\CSharp\Sharparam.SharpBlade\docs\Working\Output\Website\icons\pubfield.gif
E:\Program Files (x86)\Sandcastle\\Presentation\VS2010\icons\pubinterface.gif -&gt; E:\Users\Adam\Projects\CSharp\Sharparam.SharpBlade\docs\Working\Output\Website\icons\pubinterface.gif
E:\Program Files (x86)\Sandcastle\\Presentation\VS2010\icons\pubmethod.gif -&gt; E:\Users\Adam\Projects\CSharp\Sharparam.SharpBlade\docs\Working\Output\Website\icons\pubmethod.gif
E:\Program Files (x86)\Sandcastle\\Presentation\VS2010\icons\puboperator.gif -&gt; E:\Users\Adam\Projects\CSharp\Sharparam.SharpBlade\docs\Working\Output\Website\icons\puboperator.gif
E:\Program Files (x86)\Sandcastle\\Presentation\VS2010\icons\pubproperty.gif -&gt; E:\Users\Adam\Projects\CSharp\Sharparam.SharpBlade\docs\Working\Output\Website\icons\pubproperty.gif
E:\Program Files (x86)\Sandcastle\\Presentation\VS2010\icons\pubstructure.gif -&gt; E:\Users\Adam\Projects\CSharp\Sharparam.SharpBlade\docs\Working\Output\Website\icons\pubstructure.gif
E:\Program Files (x86)\Sandcastle\\Presentation\VS2010\icons\search.gif -&gt; E:\Users\Adam\Projects\CSharp\Sharparam.SharpBlade\docs\Working\Output\Website\icons\search.gif
E:\Program Files (x86)\Sandcastle\\Presentation\VS2010\icons\search_bk.gif -&gt; E:\Users\Adam\Projects\CSharp\Sharparam.SharpBlade\docs\Working\Output\Website\icons\search_bk.gif
E:\Program Files (x86)\Sandcastle\\Presentation\VS2010\icons\security.gif -&gt; E:\Users\Adam\Projects\CSharp\Sharparam.SharpBlade\docs\Working\Output\Website\icons\security.gif
E:\Program Files (x86)\Sandcastle\\Presentation\VS2010\icons\slMobile.gif -&gt; E:\Users\Adam\Projects\CSharp\Sharparam.SharpBlade\docs\Working\Output\Website\icons\slMobile.gif
E:\Program Files (x86)\Sandcastle\\Presentation\VS2010\icons\static.gif -&gt; E:\Users\Adam\Projects\CSharp\Sharparam.SharpBlade\docs\Working\Output\Website\icons\static.gif
E:\Program Files (x86)\Sandcastle\\Presentation\VS2010\icons\tabLeftBG.gif -&gt; E:\Users\Adam\Projects\CSharp\Sharparam.SharpBlade\docs\Working\Output\Website\icons\tabLeftBG.gif
E:\Program Files (x86)\Sandcastle\\Presentation\VS2010\icons\tabRightBG.gif -&gt; E:\Users\Adam\Projects\CSharp\Sharparam.SharpBlade\docs\Working\Output\Website\icons\tabRightBG.gif
E:\Program Files (x86)\Sandcastle\\Presentation\VS2010\icons\ui_om_collapse.gif -&gt; E:\Users\Adam\Projects\CSharp\Sharparam.SharpBlade\docs\Working\Output\Website\icons\ui_om_collapse.gif
E:\Program Files (x86)\Sandcastle\\Presentation\VS2010\icons\ui_om_expand.gif -&gt; E:\Users\Adam\Projects\CSharp\Sharparam.SharpBlade\docs\Working\Output\Website\icons\ui_om_expand.gif
E:\Program Files (x86)\Sandcastle\\Presentation\VS2010\icons\xna.gif -&gt; E:\Users\Adam\Projects\CSharp\Sharparam.SharpBlade\docs\Working\Output\Website\icons\xna.gif
E:\Program Files (x86)\Sandcastle\\Presentation\VS2010\scripts\branding.js -&gt; E:\Users\Adam\Projects\CSharp\Sharparam.SharpBlade\docs\Working\Output\Website\scripts\branding.js
E:\Program Files (x86)\Sandcastle\\Presentation\VS2010\styles\branding-cs-CZ.css -&gt; E:\Users\Adam\Projects\CSharp\Sharparam.SharpBlade\docs\Working\Output\Website\styles\branding-cs-CZ.css
E:\Program Files (x86)\Sandcastle\\Presentation\VS2010\styles\branding-de-DE.css -&gt; E:\Users\Adam\Projects\CSharp\Sharparam.SharpBlade\docs\Working\Output\Website\styles\branding-de-DE.css
E:\Program Files (x86)\Sandcastle\\Presentation\VS2010\styles\branding-en-US.css -&gt; E:\Users\Adam\Projects\CSharp\Sharparam.SharpBlade\docs\Working\Output\Website\styles\branding-en-US.css
E:\Program Files (x86)\Sandcastle\\Presentation\VS2010\styles\branding-es-ES.css -&gt; E:\Users\Adam\Projects\CSharp\Sharparam.SharpBlade\docs\Working\Output\Website\styles\branding-es-ES.css
E:\Program Files (x86)\Sandcastle\\Presentation\VS2010\styles\branding-fr-FR.css -&gt; E:\Users\Adam\Projects\CSharp\Sharparam.SharpBlade\docs\Working\Output\Website\styles\branding-fr-FR.css
E:\Program Files (x86)\Sandcastle\\Presentation\VS2010\styles\branding-it-IT.css -&gt; E:\Users\Adam\Projects\CSharp\Sharparam.SharpBlade\docs\Working\Output\Website\styles\branding-it-IT.css
E:\Program Files (x86)\Sandcastle\\Presentation\VS2010\styles\branding-ja-JP.css -&gt; E:\Users\Adam\Projects\CSharp\Sharparam.SharpBlade\docs\Working\Output\Website\styles\branding-ja-JP.css
E:\Program Files (x86)\Sandcastle\\Presentation\VS2010\styles\branding-ko-KR.css -&gt; E:\Users\Adam\Projects\CSharp\Sharparam.SharpBlade\docs\Working\Output\Website\styles\branding-ko-KR.css
E:\Program Files (x86)\Sandcastle\\Presentation\VS2010\styles\branding-pl-PL.css -&gt; E:\Users\Adam\Projects\CSharp\Sharparam.SharpBlade\docs\Working\Output\Website\styles\branding-pl-PL.css
E:\Program Files (x86)\Sandcastle\\Presentation\VS2010\styles\branding-pt-BR.css -&gt; E:\Users\Adam\Projects\CSharp\Sharparam.SharpBlade\docs\Working\Output\Website\styles\branding-pt-BR.css
E:\Program Files (x86)\Sandcastle\\Presentation\VS2010\styles\branding-ru-RU.css -&gt; E:\Users\Adam\Projects\CSharp\Sharparam.SharpBlade\docs\Working\Output\Website\styles\branding-ru-RU.css
E:\Program Files (x86)\Sandcastle\\Presentation\VS2010\styles\branding-tr-TR.css -&gt; E:\Users\Adam\Projects\CSharp\Sharparam.SharpBlade\docs\Working\Output\Website\styles\branding-tr-TR.css
E:\Program Files (x86)\Sandcastle\\Presentation\VS2010\styles\branding-zh-CN.css -&gt; E:\Users\Adam\Projects\CSharp\Sharparam.SharpBlade\docs\Working\Output\Website\styles\branding-zh-CN.css
E:\Program Files (x86)\Sandcastle\\Presentation\VS2010\styles\branding-zh-TW.css -&gt; E:\Users\Adam\Projects\CSharp\Sharparam.SharpBlade\docs\Working\Output\Website\styles\branding-zh-TW.css
E:\Program Files (x86)\Sandcastle\\Presentation\VS2010\styles\branding.css -&gt; E:\Users\Adam\Projects\CSharp\Sharparam.SharpBlade\docs\Working\Output\Website\styles\branding.css
E:\Program Files (x86)\EWSoftware\Sandcastle Help File Builder\\Web\CloseSearch.png -&gt; E:\Users\Adam\Projects\CSharp\Sharparam.SharpBlade\docs\Working\Output\Website\.\CloseSearch.png
E:\Program Files (x86)\EWSoftware\Sandcastle Help File Builder\\Web\CollapseAll.bmp -&gt; E:\Users\Adam\Projects\CSharp\Sharparam.SharpBlade\docs\Working\Output\Website\.\CollapseAll.bmp
E:\Program Files (x86)\EWSoftware\Sandcastle Help File Builder\\Web\Collapsed.gif -&gt; E:\Users\Adam\Projects\CSharp\Sharparam.SharpBlade\docs\Working\Output\Website\.\Collapsed.gif
E:\Program Files (x86)\EWSoftware\Sandcastle Help File Builder\\Web\ExpandAll.bmp -&gt; E:\Users\Adam\Projects\CSharp\Sharparam.SharpBlade\docs\Working\Output\Website\.\ExpandAll.bmp
E:\Program Files (x86)\EWSoftware\Sandcastle Help File Builder\\Web\Expanded.gif -&gt; E:\Users\Adam\Projects\CSharp\Sharparam.SharpBlade\docs\Working\Output\Website\.\Expanded.gif
E:\Program Files (x86)\EWSoftware\Sandcastle Help File Builder\\Web\favicon.ico -&gt; E:\Users\Adam\Projects\CSharp\Sharparam.SharpBlade\docs\Working\Output\Website\.\favicon.ico
E:\Program Files (x86)\EWSoftware\Sandcastle Help File Builder\\Web\FillNode.aspx -&gt; E:\Users\Adam\Projects\CSharp\Sharparam.SharpBlade\docs\Working\Output\Website\.\FillNode.aspx
E:\Program Files (x86)\EWSoftware\Sandcastle Help File Builder\\Web\FillNode.php -&gt; E:\Users\Adam\Projects\CSharp\Sharparam.SharpBlade\docs\Working\Output\Website\.\FillNode.php
E:\Program Files (x86)\EWSoftware\Sandcastle Help File Builder\\Web\Index.aspx -&gt; E:\Users\Adam\Projects\CSharp\Sharparam.SharpBlade\docs\Working\Output\Website\.\Index.aspx
E:\Program Files (x86)\EWSoftware\Sandcastle Help File Builder\\Web\Index.gif -&gt; E:\Users\Adam\Projects\CSharp\Sharparam.SharpBlade\docs\Working\Output\Website\.\Index.gif
E:\Program Files (x86)\EWSoftware\Sandcastle Help File Builder\\Web\index.html -&gt; E:\Users\Adam\Projects\CSharp\Sharparam.SharpBlade\docs\Working\Output\Website\.\index.html
E:\Program Files (x86)\EWSoftware\Sandcastle Help File Builder\\Web\index.php -&gt; E:\Users\Adam\Projects\CSharp\Sharparam.SharpBlade\docs\Working\Output\Website\.\index.php
E:\Program Files (x86)\EWSoftware\Sandcastle Help File Builder\\Web\Item.gif -&gt; E:\Users\Adam\Projects\CSharp\Sharparam.SharpBlade\docs\Working\Output\Website\.\Item.gif
E:\Program Files (x86)\EWSoftware\Sandcastle Help File Builder\\Web\LoadIndexKeywords.aspx -&gt; E:\Users\Adam\Projects\CSharp\Sharparam.SharpBlade\docs\Working\Output\Website\.\LoadIndexKeywords.aspx
E:\Program Files (x86)\EWSoftware\Sandcastle Help File Builder\\Web\LoadIndexKeywords.php -&gt; E:\Users\Adam\Projects\CSharp\Sharparam.SharpBlade\docs\Working\Output\Website\.\LoadIndexKeywords.php
E:\Program Files (x86)\EWSoftware\Sandcastle Help File Builder\\Web\Search.gif -&gt; E:\Users\Adam\Projects\CSharp\Sharparam.SharpBlade\docs\Working\Output\Website\.\Search.gif
E:\Program Files (x86)\EWSoftware\Sandcastle Help File Builder\\Web\SearchHelp.aspx -&gt; E:\Users\Adam\Projects\CSharp\Sharparam.SharpBlade\docs\Working\Output\Website\.\SearchHelp.aspx
E:\Program Files (x86)\EWSoftware\Sandcastle Help File Builder\\Web\SearchHelp.inc.php -&gt; E:\Users\Adam\Projects\CSharp\Sharparam.SharpBlade\docs\Working\Output\Website\.\SearchHelp.inc.php
E:\Program Files (x86)\EWSoftware\Sandcastle Help File Builder\\Web\SearchHelp.php -&gt; E:\Users\Adam\Projects\CSharp\Sharparam.SharpBlade\docs\Working\Output\Website\.\SearchHelp.php
E:\Program Files (x86)\EWSoftware\Sandcastle Help File Builder\\Web\Splitter.gif -&gt; E:\Users\Adam\Projects\CSharp\Sharparam.SharpBlade\docs\Working\Output\Website\.\Splitter.gif
E:\Program Files (x86)\EWSoftware\Sandcastle Help File Builder\\Web\SyncTOC.gif -&gt; E:\Users\Adam\Projects\CSharp\Sharparam.SharpBlade\docs\Working\Output\Website\.\SyncTOC.gif
E:\Program Files (x86)\EWSoftware\Sandcastle Help File Builder\\Web\TOC.css -&gt; E:\Users\Adam\Projects\CSharp\Sharparam.SharpBlade\docs\Working\Output\Website\.\TOC.css
E:\Program Files (x86)\EWSoftware\Sandcastle Help File Builder\\Web\TOC.js -&gt; E:\Users\Adam\Projects\CSharp\Sharparam.SharpBlade\docs\Working\Output\Website\.\TOC.js
E:\Program Files (x86)\EWSoftware\Sandcastle Help File Builder\\Web\Web.Config -&gt; E:\Users\Adam\Projects\CSharp\Sharparam.SharpBlade\docs\Working\Output\Website\.\Web.Config
    Last step completed in 00:00:00.2770
</buildStep>
<buildStep step="GenerateHelpFormatTableOfContents">
Generating website table of contents file...
    Last step completed in 00:00:00.0010
</buildStep>
<buildStep step="GenerateFullTextIndex">
Generating full-text index for the website...

    Last step completed in 00:00:07.0984
</buildStep>
<buildStep step="CopyingWebsiteFiles">
Copying website files to output folder...

Copied 100 files
Copied 200 files
Copied 300 files
Copied 400 files
Copied 500 files
Copied 600 files
Copied 700 files
Copied 800 files
Copied 900 files
Copied 1000 files
Copied 1100 files
Copied 1200 files
Copied 1300 files
Copied 1400 files
Copied 1500 files
Copied 1600 files
Copied 1700 files
Copied 1800 files
Copied 1900 files
Copied 1923 files for the website content
    Last step completed in 00:00:04.0712
</buildStep>
<buildStep step="CleanIntermediates">
Removing intermediate files...
    Last step completed in 00:00:00.7630
</buildStep>
<buildStep step="Completed">

Build completed successfully at 04-12-2014 12:45 .  Total time: 00:01:13.1522

</buildStep>
</shfbBuild>
